2026-03-22 17:43:11.061: [INFO] VisibilityChanged: 0
2026-03-22 17:43:11.120: [INFO] RecordSyncInitDuration has_sync_been_enabled: 0 state: 0
2026-03-22 17:43:11.121: [INFO] RecordSyncInitDuration has_sync_been_enabled: 0 state: 0
2026-03-22 17:43:11.123: [INFO] RecordSyncInitDuration has_sync_been_enabled: 0 state: 0
2026-03-22 17:43:11.127: [INFO] RecordSyncInitDuration has_sync_been_enabled: 0 state: 0
2026-03-22 17:43:11.130: [INFO] RecordSyncInitDuration has_sync_been_enabled: 0 state: 0
2026-03-22 17:43:11.132: [INFO] RecordSyncInitDuration has_sync_been_enabled: 0 state: 0
2026-03-22 17:43:11.135: [INFO] RecordSyncInitDuration has_sync_been_enabled: 0 state: 0
2026-03-22 17:43:11.138: [INFO] RecordSyncInitDuration has_sync_been_enabled: 0 state: 0
2026-03-22 17:43:11.141: [INFO] RecordSyncInitDuration has_sync_been_enabled: 0 state: 0
2026-03-22 17:43:11.144: [INFO] RecordSyncInitDuration has_sync_been_enabled: 0 state: 0
2026-03-22 17:43:11.147: [INFO] RecordSyncInitDuration has_sync_been_enabled: 0 state: 0
2026-03-22 17:43:11.150: [INFO] RecordSyncInitDuration has_sync_been_enabled: 0 state: 0
2026-03-22 17:43:11.711: [INFO] BookmarkModelLoaded, ids_reassigned: 0
2026-03-22 17:43:11.711: [INFO] OnDoneLoading sync enabled: 0
2026-03-22 17:43:11.887: [INFO] RecordSyncInitDuration has_sync_been_enabled: 0 state: 0
2026-03-22 17:43:27.227: [INFO] RecordSyncInitDuration has_sync_been_enabled: 0 state: 3
2026-03-22 17:43:27.247: [INFO] Primary account changed.
2026-03-22 17:43:27.247: [INFO] OnPrimaryAccountChanged PrimaryAccountChangeEvent::Type::kSet
2026-03-22 17:43:27.271: [INFO] RecordSyncInitDuration has_sync_been_enabled: 0 state: 3
2026-03-22 17:43:28.110: [INFO] RecordSyncInitDuration has_sync_been_enabled: 0 state: 3
2026-03-22 17:43:30.969: [INFO] RecordSyncInitDuration has_sync_been_enabled: 0 state: 3
2026-03-22 17:43:30.985: [INFO] RecordSyncInitDuration has_sync_been_enabled: 0 state: 3
2026-03-22 17:43:30.996: [INFO] RecordSyncInitDuration has_sync_been_enabled: 0 state: 3
2026-03-22 17:43:32.747: [INFO] RecordSyncInitDuration has_sync_been_enabled: 0 state: 3
2026-03-22 17:43:32.763: [INFO] RecordSyncInitDuration has_sync_been_enabled: 0 state: 3
2026-03-22 17:43:32.774: [INFO] RecordSyncInitDuration has_sync_been_enabled: 0 state: 3
2026-03-22 17:43:32.786: [INFO] RecordSyncInitDuration has_sync_been_enabled: 0 state: 4
2026-03-22 17:43:34.065: [INFO] RecordSyncInitDuration has_sync_been_enabled: 0 state: 4
2026-03-22 17:43:34.145: [INFO] RecordSyncInitDuration has_sync_been_enabled: 0 state: 4
2026-03-22 17:43:57.735: [INFO] VisibilityChanged: 1
2026-03-22 17:43:58.934: [INFO] BookmarkNodeAdded, ABU: 0
2026-03-22 17:43:58.938: [INFO] BookmarkNodeAdded, ABU: 0
2026-03-22 17:43:59.240: [INFO] BookmarkNodeAdded, ABU: 0
2026-03-22 17:43:59.243: [INFO] BookmarkNodeAdded, ABU: 0
2026-03-22 17:43:59.246: [INFO] BookmarkNodeAdded, ABU: 0
2026-03-22 17:43:59.249: [INFO] BookmarkNodeAdded, ABU: 0
2026-03-22 17:43:59.252: [INFO] BookmarkNodeAdded, ABU: 0
2026-03-22 17:43:59.254: [INFO] BookmarkNodeAdded, ABU: 0
2026-03-22 17:43:59.258: [INFO] BookmarkNodeAdded, ABU: 0
2026-03-22 17:43:59.261: [INFO] BookmarkNodeAdded, ABU: 0
2026-03-22 17:43:59.265: [INFO] BookmarkNodeAdded, ABU: 0
2026-03-22 17:43:59.265: [INFO] BookmarkNodeAdded, ABU: 0
2026-03-22 17:43:59.265: [INFO] BookmarkNodeAdded, ABU: 0
2026-03-22 17:43:59.267: [INFO] BookmarkNodeAdded, ABU: 0
2026-03-22 17:43:59.270: [INFO] BookmarkNodeAdded, ABU: 0
2026-03-22 17:43:59.272: [INFO] BookmarkNodeAdded, ABU: 0
2026-03-22 17:43:59.275: [INFO] BookmarkNodeAdded, ABU: 0
2026-03-22 17:43:59.278: [INFO] BookmarkNodeAdded, ABU: 0
2026-03-22 17:43:59.281: [INFO] BookmarkNodeAdded, ABU: 0
2026-03-22 17:43:59.283: [INFO] BookmarkNodeAdded, ABU: 0
2026-03-22 17:43:59.283: [INFO] BookmarkNodeAdded, ABU: 0
2026-03-22 17:43:59.285: [INFO] BookmarkNodeAdded, ABU: 0
2026-03-22 17:43:59.288: [INFO] BookmarkNodeAdded, ABU: 0
2026-03-22 17:44:09.900: [INFO] Sync initialization duration: 13558ms
2026-03-22 18:56:07.079: [INFO] VisibilityChanged: 0
2026-03-23 17:45:16.754: [INFO] OnDoneLoading sync enabled: 1
2026-03-23 17:45:32.115: [INFO] Sync initialization duration: 3366ms
2026-03-23 18:05:40.899: [INFO] VisibilityChanged: 0
2026-03-23 18:09:01.258: [INFO] OnDoneLoading sync enabled: 0
2026-03-23 18:09:07.431: [INFO] Primary account changed.
2026-03-23 18:09:07.431: [INFO] OnPrimaryAccountChanged PrimaryAccountChangeEvent::Type::kSet
2026-03-23 18:09:24.056: [INFO] Sync initialization duration: 22793ms
2026-03-24 17:31:11.771: [INFO] OnDoneLoading sync enabled: 1
2026-03-24 17:31:47.201: [INFO] Sync initialization duration: 28288ms
2026-03-24 20:21:00.889: [INFO] OnDoneLoading sync enabled: 0
2026-03-24 20:21:10.165: [INFO] Primary account changed.
2026-03-24 20:21:10.165: [INFO] OnPrimaryAccountChanged PrimaryAccountChangeEvent::Type::kSet
2026-03-24 20:21:31.385: [INFO] Sync initialization duration: 30487ms
2026-03-25 04:22:42.019: [INFO] OnDoneLoading sync enabled: 1
2026-03-25 04:22:54.268: [INFO] Sync initialization duration: 2382ms
2026-03-25 04:29:37.218: [INFO] VisibilityChanged: 0
2026-03-25 09:16:21.722: [INFO] OnDoneLoading sync enabled: 0
2026-03-25 09:16:53.984: [INFO] Primary account changed.
2026-03-25 09:16:53.984: [INFO] OnPrimaryAccountChanged PrimaryAccountChangeEvent::Type::kSet
2026-03-25 18:01:56.943: [INFO] OnDoneLoading sync enabled: 1
2026-03-25 18:02:11.808: [INFO] Sync initialization duration: 3930ms
2026-03-25 21:26:24.866: [INFO] OnDoneLoading sync enabled: 0
2026-03-25 21:26:50.081: [INFO] Primary account changed.
2026-03-25 21:26:50.081: [INFO] OnPrimaryAccountChanged PrimaryAccountChangeEvent::Type::kSet
2026-03-25 21:27:02.286: [INFO] Sync initialization duration: 37414ms
2026-03-29 09:16:15.266: [INFO] OnDoneLoading sync enabled: 0
2026-03-29 09:20:59.364: [INFO] VisibilityChanged: 0
2026-03-29 20:12:23.032: [INFO] OnDoneLoading sync enabled: 0
2026-03-29 20:52:50.147: [INFO] VisibilityChanged: 0
