{"logTime": "0324/202124", "correlationVector":"t9gSMtaBH4GHGuqfXyfaO+.1","action":"SyncServerConnectionManagerRequest", "result":"SYNC_SERVER_OK", "context":{"environment":"Prod_francecentral_prod-s01-062-eur-francecentral", "migrationStage":"NotStarted", "server":"akswtt11300000k"}}
{"logTime": "0324/202124", "correlationVector":"t9gSMtaBH4GHGuqfXyfaO+.2","action":"ProcessGetUpdates", "result":"Done", "context":{"dataType":"Preferences", "deleted":"0", "process_failed_to_decrypt":"0", "process_pending_decryption":"0", "process_success":"91", "total":"91"}}
{"logTime": "0324/202124", "correlationVector":"t9gSMtaBH4GHGuqfXyfaO+.3","action":"ProcessGetUpdates", "result":"Done", "context":{"dataType":"Device Info", "deleted":"0", "process_failed_to_decrypt":"0", "process_pending_decryption":"0", "process_success":"45", "total":"45"}}
{"logTime": "0324/202124", "correlationVector":"t9gSMtaBH4GHGuqfXyfaO+.4","action":"GetUpdates Response", "result":"Success", "context":Received 136 update(s). cV=t9gSMtaBH4GHGuqfXyfaO+.0;server=akswtt11300000k;cloudType=Consumer;environment=Prod_francecentral_prod-s01-062-eur-francecentral;migrationStage=NotStarted}
{"logTime": "0324/202125", "correlationVector":"+FI6wGPBqQlzQFoMVB067b","action":"Initial GetUpdates", "result":"", "context":Reason: NEWLY_SUPPORTED_DATATYPE. cV=+FI6wGPBqQlzQFoMVB067b}
{"logTime": "0324/202127", "correlationVector":"+FI6wGPBqQlzQFoMVB067b.1","action":"SyncServerConnectionManagerRequest", "result":"SYNC_SERVER_OK", "context":{"environment":"Prod_francecentral_prod-s01-062-eur-francecentral", "migrationStage":"NotStarted", "server":"akswtt11300000x"}}
{"logTime": "0324/202127", "correlationVector":"+FI6wGPBqQlzQFoMVB067b.2","action":"ProcessGetUpdates", "result":"Done", "context":{"dataType":"Bookmarks", "deleted":"1", "process_failed_to_decrypt":"0", "process_pending_decryption":"0", "process_success":"30", "total":"30"}}
{"logTime": "0324/202127", "correlationVector":"+FI6wGPBqQlzQFoMVB067b.3","action":"GetUpdates Response", "result":"Success", "context":Received 30 update(s). cV=+FI6wGPBqQlzQFoMVB067b.0;server=akswtt11300000x;cloudType=Consumer;environment=Prod_francecentral_prod-s01-062-eur-francecentral;migrationStage=NotStarted}
{"logTime": "0324/202127", "correlationVector":"isuSBYhRBz3NNlQ77H6g1d","action":"Initial GetUpdates", "result":"", "context":Reason: NEWLY_SUPPORTED_DATATYPE. cV=isuSBYhRBz3NNlQ77H6g1d}
{"logTime": "0324/202128", "correlationVector":"isuSBYhRBz3NNlQ77H6g1d.1","action":"SyncServerConnectionManagerRequest", "result":"SYNC_SERVER_OK", "context":{"environment":"Prod_francecentral_prod-s01-062-eur-francecentral", "migrationStage":"NotStarted", "server":"akswtt11300000p"}}
{"logTime": "0324/202128", "correlationVector":"isuSBYhRBz3NNlQ77H6g1d.2","action":"ProcessGetUpdates", "result":"Done", "context":{"dataType":"Extensions", "deleted":"0", "process_failed_to_decrypt":"0", "process_pending_decryption":"0", "process_success":"1", "total":"1"}}
{"logTime": "0324/202128", "correlationVector":"isuSBYhRBz3NNlQ77H6g1d.3","action":"ProcessGetUpdates", "result":"Done", "context":{"dataType":"Sessions", "deleted":"178", "process_failed_to_decrypt":"0", "process_pending_decryption":"0", "process_success":"178", "total":"178"}}
{"logTime": "0324/202128", "correlationVector":"isuSBYhRBz3NNlQ77H6g1d.4","action":"ProcessGetUpdates", "result":"Done", "context":{"dataType":"Web Apps", "deleted":"0", "process_failed_to_decrypt":"0", "process_pending_decryption":"0", "process_success":"9", "total":"9"}}
{"logTime": "0324/202128", "correlationVector":"isuSBYhRBz3NNlQ77H6g1d.5","action":"ProcessGetUpdates", "result":"Done", "context":{"dataType":"Edge Hub App Usage", "deleted":"34", "process_failed_to_decrypt":"0", "process_pending_decryption":"0", "process_success":"62", "total":"62"}}
{"logTime": "0324/202128", "correlationVector":"isuSBYhRBz3NNlQ77H6g1d.6","action":"GetUpdates Response", "result":"Success", "context":Received 250 update(s). cV=isuSBYhRBz3NNlQ77H6g1d.0;server=akswtt11300000p;cloudType=Consumer;environment=Prod_francecentral_prod-s01-062-eur-francecentral;migrationStage=NotStarted Some updates remain.}
{"logTime": "0324/202128", "correlationVector":"Z9/znyxNUiUxJxqIxHo9gx","action":"Initial GetUpdates", "result":"", "context":Reason: NEWLY_SUPPORTED_DATATYPE. cV=Z9/znyxNUiUxJxqIxHo9gx}
{"logTime": "0324/202129", "correlationVector":"Z9/znyxNUiUxJxqIxHo9gx.1","action":"SyncServerConnectionManagerRequest", "result":"SYNC_SERVER_OK", "context":{"environment":"Prod_francecentral_prod-s01-062-eur-francecentral", "migrationStage":"NotStarted", "server":"akswtt11300000p"}}
{"logTime": "0324/202129", "correlationVector":"Z9/znyxNUiUxJxqIxHo9gx.2","action":"ProcessGetUpdates", "result":"Done", "context":{"dataType":"Sessions", "deleted":"188", "process_failed_to_decrypt":"0", "process_pending_decryption":"0", "process_success":"188", "total":"188"}}
{"logTime": "0324/202129", "correlationVector":"Z9/znyxNUiUxJxqIxHo9gx.3","action":"ProcessGetUpdates", "result":"Done", "context":{"dataType":"Saved Tab Group", "deleted":"6", "process_failed_to_decrypt":"0", "process_pending_decryption":"0", "process_success":"6", "total":"6"}}
{"logTime": "0324/202129", "correlationVector":"Z9/znyxNUiUxJxqIxHo9gx.4","action":"ProcessGetUpdates", "result":"Done", "context":{"dataType":"Edge Hub App Usage", "deleted":"18", "process_failed_to_decrypt":"0", "process_pending_decryption":"0", "process_success":"56", "total":"56"}}
{"logTime": "0324/202129", "correlationVector":"Z9/znyxNUiUxJxqIxHo9gx.5","action":"GetUpdates Response", "result":"Success", "context":Received 250 update(s). cV=Z9/znyxNUiUxJxqIxHo9gx.0;server=akswtt11300000p;cloudType=Consumer;environment=Prod_francecentral_prod-s01-062-eur-francecentral;migrationStage=NotStarted Some updates remain.}
{"logTime": "0324/202129", "correlationVector":"k+jxQ5dpUNmXFXp5Gqw91Y","action":"Initial GetUpdates", "result":"", "context":Reason: NEWLY_SUPPORTED_DATATYPE. cV=k+jxQ5dpUNmXFXp5Gqw91Y}
{"logTime": "0324/202130", "correlationVector":"k+jxQ5dpUNmXFXp5Gqw91Y.1","action":"SyncServerConnectionManagerRequest", "result":"SYNC_SERVER_OK", "context":{"environment":"Prod_francecentral_prod-s01-062-eur-francecentral", "migrationStage":"NotStarted", "server":"akswtt11300000k"}}
{"logTime": "0324/202130", "correlationVector":"k+jxQ5dpUNmXFXp5Gqw91Y.2","action":"ProcessGetUpdates", "result":"Done", "context":{"dataType":"Sessions", "deleted":"214", "process_failed_to_decrypt":"0", "process_pending_decryption":"0", "process_success":"214", "total":"214"}}
{"logTime": "0324/202130", "correlationVector":"k+jxQ5dpUNmXFXp5Gqw91Y.3","action":"ProcessGetUpdates", "result":"Done", "context":{"dataType":"Saved Tab Group", "deleted":"2", "process_failed_to_decrypt":"0", "process_pending_decryption":"0", "process_success":"2", "total":"2"}}
{"logTime": "0324/202130", "correlationVector":"k+jxQ5dpUNmXFXp5Gqw91Y.4","action":"ProcessGetUpdates", "result":"Done", "context":{"dataType":"Edge Hub App Usage", "deleted":"12", "process_failed_to_decrypt":"0", "process_pending_decryption":"0", "process_success":"34", "total":"34"}}
{"logTime": "0324/202130", "correlationVector":"k+jxQ5dpUNmXFXp5Gqw91Y.5","action":"GetUpdates Response", "result":"Success", "context":Received 250 update(s). cV=k+jxQ5dpUNmXFXp5Gqw91Y.0;server=akswtt11300000k;cloudType=Consumer;environment=Prod_francecentral_prod-s01-062-eur-francecentral;migrationStage=NotStarted Some updates remain.}
{"logTime": "0324/202130", "correlationVector":"adgIad92pKp3o6BUdPDCBx","action":"Initial GetUpdates", "result":"", "context":Reason: NEWLY_SUPPORTED_DATATYPE. cV=adgIad92pKp3o6BUdPDCBx}
{"logTime": "0324/202130", "correlationVector":"adgIad92pKp3o6BUdPDCBx.1","action":"SyncServerConnectionManagerRequest", "result":"SYNC_SERVER_OK", "context":{"environment":"Prod_francecentral_prod-s01-062-eur-francecentral", "migrationStage":"NotStarted", "server":"akswtt11300000u"}}
{"logTime": "0324/202130", "correlationVector":"adgIad92pKp3o6BUdPDCBx.2","action":"ProcessGetUpdates", "result":"Done", "context":{"dataType":"Sessions", "deleted":"198", "process_failed_to_decrypt":"0", "process_pending_decryption":"0", "process_success":"198", "total":"198"}}
{"logTime": "0324/202130", "correlationVector":"adgIad92pKp3o6BUdPDCBx.3","action":"ProcessGetUpdates", "result":"Done", "context":{"dataType":"Edge Hub App Usage", "deleted":"20", "process_failed_to_decrypt":"0", "process_pending_decryption":"0", "process_success":"52", "total":"52"}}
{"logTime": "0324/202130", "correlationVector":"adgIad92pKp3o6BUdPDCBx.4","action":"GetUpdates Response", "result":"Success", "context":Received 250 update(s). cV=adgIad92pKp3o6BUdPDCBx.0;server=akswtt11300000u;cloudType=Consumer;environment=Prod_francecentral_prod-s01-062-eur-francecentral;migrationStage=NotStarted Some updates remain.}
{"logTime": "0324/202130", "correlationVector":"iWBSz9qnRaQyuevB8KN2kL","action":"Initial GetUpdates", "result":"", "context":Reason: NEWLY_SUPPORTED_DATATYPE. cV=iWBSz9qnRaQyuevB8KN2kL}
{"logTime": "0324/202131", "correlationVector":"iWBSz9qnRaQyuevB8KN2kL.1","action":"SyncServerConnectionManagerRequest", "result":"SYNC_SERVER_OK", "context":{"environment":"Prod_francecentral_prod-s01-062-eur-francecentral", "migrationStage":"NotStarted", "server":"akswtt11300000o"}}
{"logTime": "0324/202131", "correlationVector":"iWBSz9qnRaQyuevB8KN2kL.2","action":"ProcessGetUpdates", "result":"Done", "context":{"dataType":"Extensions", "deleted":"0", "process_failed_to_decrypt":"0", "process_pending_decryption":"0", "process_success":"1", "total":"1"}}
{"logTime": "0324/202131", "correlationVector":"iWBSz9qnRaQyuevB8KN2kL.3","action":"ProcessGetUpdates", "result":"Done", "context":{"dataType":"Sessions", "deleted":"27", "process_failed_to_decrypt":"0", "process_pending_decryption":"0", "process_success":"37", "total":"37"}}
{"logTime": "0324/202131", "correlationVector":"iWBSz9qnRaQyuevB8KN2kL.4","action":"ProcessGetUpdates", "result":"Done", "context":{"dataType":"Edge Hub App Usage", "deleted":"24", "process_failed_to_decrypt":"0", "process_pending_decryption":"0", "process_success":"27", "total":"27"}}
{"logTime": "0324/202131", "correlationVector":"iWBSz9qnRaQyuevB8KN2kL.5","action":"GetUpdates Response", "result":"Success", "context":Received 65 update(s). cV=iWBSz9qnRaQyuevB8KN2kL.0;server=akswtt11300000o;cloudType=Consumer;environment=Prod_francecentral_prod-s01-062-eur-francecentral;migrationStage=NotStarted}
{"logTime": "0324/202131", "correlationVector":"No0jsFDTdyhrQUlXDFLF29","action":"Initial GetUpdates", "result":"", "context":Reason: NEWLY_SUPPORTED_DATATYPE. cV=No0jsFDTdyhrQUlXDFLF29}
{"logTime": "0324/202132", "correlationVector":"No0jsFDTdyhrQUlXDFLF29.1","action":"SyncServerConnectionManagerRequest", "result":"SYNC_SERVER_OK", "context":{"environment":"Prod_francecentral_prod-s01-062-eur-francecentral", "migrationStage":"NotStarted", "server":"akswtt113000007"}}
{"logTime": "0324/202132", "correlationVector":"No0jsFDTdyhrQUlXDFLF29.2","action":"ProcessGetUpdates", "result":"Done", "context":{"dataType":"History", "deleted":"0", "process_failed_to_decrypt":"0", "process_pending_decryption":"0", "process_success":"250", "total":"250"}}
{"logTime": "0324/202132", "correlationVector":"No0jsFDTdyhrQUlXDFLF29.3","action":"GetUpdates Response", "result":"Success", "context":Received 250 update(s). cV=No0jsFDTdyhrQUlXDFLF29.0;server=akswtt113000007;cloudType=Consumer;environment=Prod_francecentral_prod-s01-062-eur-francecentral;migrationStage=NotStarted Some updates remain.}
{"logTime": "0324/202132", "correlationVector":"Xrj2XONfmqHvPakSInWpIr","action":"Initial GetUpdates", "result":"", "context":Reason: NEWLY_SUPPORTED_DATATYPE. cV=Xrj2XONfmqHvPakSInWpIr}
{"logTime": "0324/202133", "correlationVector":"Xrj2XONfmqHvPakSInWpIr.1","action":"SyncServerConnectionManagerRequest", "result":"SYNC_SERVER_OK", "context":{"environment":"Prod_francecentral_prod-s01-062-eur-francecentral", "migrationStage":"NotStarted", "server":"akswtt113000003"}}
{"logTime": "0324/202133", "correlationVector":"Xrj2XONfmqHvPakSInWpIr.2","action":"ProcessGetUpdates", "result":"Done", "context":{"dataType":"History", "deleted":"0", "process_failed_to_decrypt":"0", "process_pending_decryption":"0", "process_success":"250", "total":"250"}}
{"logTime": "0324/202133", "correlationVector":"Xrj2XONfmqHvPakSInWpIr.3","action":"GetUpdates Response", "result":"Success", "context":Received 250 update(s). cV=Xrj2XONfmqHvPakSInWpIr.0;server=akswtt113000003;cloudType=Consumer;environment=Prod_francecentral_prod-s01-062-eur-francecentral;migrationStage=NotStarted Some updates remain.}
{"logTime": "0324/202133", "correlationVector":"wKoZeLTFhuEbpYAhiaPdqA","action":"Initial GetUpdates", "result":"", "context":Reason: NEWLY_SUPPORTED_DATATYPE. cV=wKoZeLTFhuEbpYAhiaPdqA}
{"logTime": "0324/202134", "correlationVector":"wKoZeLTFhuEbpYAhiaPdqA.1","action":"SyncServerConnectionManagerRequest", "result":"SYNC_SERVER_OK", "context":{"environment":"Prod_francecentral_prod-s01-062-eur-francecentral", "migrationStage":"NotStarted", "server":"akswtt11300000e"}}
{"logTime": "0324/202134", "correlationVector":"wKoZeLTFhuEbpYAhiaPdqA.2","action":"ProcessGetUpdates", "result":"Done", "context":{"dataType":"History", "deleted":"0", "process_failed_to_decrypt":"0", "process_pending_decryption":"0", "process_success":"250", "total":"250"}}
{"logTime": "0324/202134", "correlationVector":"wKoZeLTFhuEbpYAhiaPdqA.3","action":"GetUpdates Response", "result":"Success", "context":Received 250 update(s). cV=wKoZeLTFhuEbpYAhiaPdqA.0;server=akswtt11300000e;cloudType=Consumer;environment=Prod_francecentral_prod-s01-062-eur-francecentral;migrationStage=NotStarted Some updates remain.}
{"logTime": "0324/202134", "correlationVector":"Qr00iXU4b9g4ay9DHFIZEN","action":"Initial GetUpdates", "result":"", "context":Reason: NEWLY_SUPPORTED_DATATYPE. cV=Qr00iXU4b9g4ay9DHFIZEN}
{"logTime": "0324/202135", "correlationVector":"Qr00iXU4b9g4ay9DHFIZEN.1","action":"SyncServerConnectionManagerRequest", "result":"SYNC_SERVER_OK", "context":{"environment":"Prod_francecentral_prod-s01-062-eur-francecentral", "migrationStage":"NotStarted", "server":"akswtt11300000x"}}
{"logTime": "0324/202135", "correlationVector":"Qr00iXU4b9g4ay9DHFIZEN.2","action":"ProcessGetUpdates", "result":"Done", "context":{"dataType":"History", "deleted":"0", "process_failed_to_decrypt":"0", "process_pending_decryption":"0", "process_success":"250", "total":"250"}}
{"logTime": "0324/202135", "correlationVector":"Qr00iXU4b9g4ay9DHFIZEN.3","action":"GetUpdates Response", "result":"Success", "context":Received 250 update(s). cV=Qr00iXU4b9g4ay9DHFIZEN.0;server=akswtt11300000x;cloudType=Consumer;environment=Prod_francecentral_prod-s01-062-eur-francecentral;migrationStage=NotStarted Some updates remain.}
{"logTime": "0324/202135", "correlationVector":"asouLoYsNoD2qHmrm6/5xQ","action":"Initial GetUpdates", "result":"", "context":Reason: NEWLY_SUPPORTED_DATATYPE. cV=asouLoYsNoD2qHmrm6/5xQ}
{"logTime": "0324/202136", "correlationVector":"asouLoYsNoD2qHmrm6/5xQ.1","action":"SyncServerConnectionManagerRequest", "result":"SYNC_SERVER_OK", "context":{"environment":"Prod_francecentral_prod-s01-062-eur-francecentral", "migrationStage":"NotStarted", "server":"akswtt11300000k"}}
{"logTime": "0324/202136", "correlationVector":"asouLoYsNoD2qHmrm6/5xQ.2","action":"ProcessGetUpdates", "result":"Done", "context":{"dataType":"History", "deleted":"0", "process_failed_to_decrypt":"0", "process_pending_decryption":"0", "process_success":"250", "total":"250"}}
{"logTime": "0324/202136", "correlationVector":"asouLoYsNoD2qHmrm6/5xQ.3","action":"GetUpdates Response", "result":"Success", "context":Received 250 update(s). cV=asouLoYsNoD2qHmrm6/5xQ.0;server=akswtt11300000k;cloudType=Consumer;environment=Prod_francecentral_prod-s01-062-eur-francecentral;migrationStage=NotStarted Some updates remain.}
{"logTime": "0324/202136", "correlationVector":"XWym6PRDJDP/r+sbFbjvLI","action":"Initial GetUpdates", "result":"", "context":Reason: NEWLY_SUPPORTED_DATATYPE. cV=XWym6PRDJDP/r+sbFbjvLI}
{"logTime": "0324/202142", "correlationVector":"XWym6PRDJDP/r+sbFbjvLI.1","action":"SyncServerConnectionManagerRequest", "result":"SYNC_SERVER_OK", "context":{"environment":"Prod_francecentral_prod-s01-062-eur-francecentral", "migrationStage":"NotStarted", "server":"akswtt11300000y"}}
{"logTime": "0324/202142", "correlationVector":"XWym6PRDJDP/r+sbFbjvLI.2","action":"ProcessGetUpdates", "result":"Done", "context":{"dataType":"History", "deleted":"0", "process_failed_to_decrypt":"0", "process_pending_decryption":"0", "process_success":"250", "total":"250"}}
{"logTime": "0324/202142", "correlationVector":"XWym6PRDJDP/r+sbFbjvLI.3","action":"GetUpdates Response", "result":"Success", "context":Received 250 update(s). cV=XWym6PRDJDP/r+sbFbjvLI.0;server=akswtt11300000y;cloudType=Consumer;environment=Prod_francecentral_prod-s01-062-eur-francecentral;migrationStage=NotStarted Some updates remain.}
{"logTime": "0324/202142", "correlationVector":"5FCzFwoHqDZ+HmEznz1pxq","action":"Initial GetUpdates", "result":"", "context":Reason: NEWLY_SUPPORTED_DATATYPE. cV=5FCzFwoHqDZ+HmEznz1pxq}
{"logTime": "0324/202146", "correlationVector":"5FCzFwoHqDZ+HmEznz1pxq.1","action":"SyncServerConnectionManagerRequest", "result":"SYNC_SERVER_OK", "context":{"environment":"Prod_francecentral_prod-s01-062-eur-francecentral", "migrationStage":"NotStarted", "server":"akswtt11300000y"}}
{"logTime": "0324/202146", "correlationVector":"5FCzFwoHqDZ+HmEznz1pxq.2","action":"ProcessGetUpdates", "result":"Done", "context":{"dataType":"History", "deleted":"0", "process_failed_to_decrypt":"0", "process_pending_decryption":"0", "process_success":"250", "total":"250"}}
{"logTime": "0324/202146", "correlationVector":"5FCzFwoHqDZ+HmEznz1pxq.3","action":"GetUpdates Response", "result":"Success", "context":Received 250 update(s). cV=5FCzFwoHqDZ+HmEznz1pxq.0;server=akswtt11300000y;cloudType=Consumer;environment=Prod_francecentral_prod-s01-062-eur-francecentral;migrationStage=NotStarted Some updates remain.}
{"logTime": "0324/202146", "correlationVector":"EVhy6zxN7MPF5dpPpruwTx","action":"Initial GetUpdates", "result":"", "context":Reason: NEWLY_SUPPORTED_DATATYPE. cV=EVhy6zxN7MPF5dpPpruwTx}
{"logTime": "0324/202148", "correlationVector":"EVhy6zxN7MPF5dpPpruwTx.1","action":"SyncServerConnectionManagerRequest", "result":"SYNC_SERVER_OK", "context":{"environment":"Prod_francecentral_prod-s01-062-eur-francecentral", "migrationStage":"NotStarted", "server":"akswtt113000003"}}
{"logTime": "0324/202148", "correlationVector":"EVhy6zxN7MPF5dpPpruwTx.2","action":"ProcessGetUpdates", "result":"Done", "context":{"dataType":"History", "deleted":"0", "process_failed_to_decrypt":"0", "process_pending_decryption":"0", "process_success":"42", "total":"42"}}
{"logTime": "0324/202148", "correlationVector":"EVhy6zxN7MPF5dpPpruwTx.3","action":"GetUpdates Response", "result":"Success", "context":Received 42 update(s). cV=EVhy6zxN7MPF5dpPpruwTx.0;server=akswtt113000003;cloudType=Consumer;environment=Prod_francecentral_prod-s01-062-eur-francecentral;migrationStage=NotStarted}
{"logTime": "0324/202148", "correlationVector":"nH2T2usOAm4KUG2Cl3Kdky","action":"Normal GetUpdate request", "result":"", "context":cV=nH2T2usOAm4KUG2Cl3Kdky
Nudged types: Preferences, Sessions, Device Info
Refresh requested types: Bookmarks, Preferences, Extensions, Sessions, Extension settings, History Delete Directives, Device Info, User Consents, Send Tab To Self, Web Apps, History, Saved Tab Group, WebAuthn Credentials, Collection, Edge E Drop, Edge Hub App Usage, Edge Wallet, Edge Workspace, Encryption Keys}
{"logTime": "0324/202148", "correlationVector":"nH2T2usOAm4KUG2Cl3Kdky.1","action":"SyncServerConnectionManagerRequest", "result":"SYNC_SERVER_OK", "context":{"environment":"Prod_francecentral_prod-s01-062-eur-francecentral", "migrationStage":"NotStarted", "server":"akswtt11300000y"}}
{"logTime": "0324/202148", "correlationVector":"nH2T2usOAm4KUG2Cl3Kdky.2","action":"GetUpdates Response", "result":"Success", "context":Received 0 update(s). cV=nH2T2usOAm4KUG2Cl3Kdky.0;server=akswtt11300000y;cloudType=Consumer;environment=Prod_francecentral_prod-s01-062-eur-francecentral;migrationStage=NotStarted}
{"logTime": "0324/202149", "correlationVector":"/qysHAJT29SnDxuI0xLnFf","action":"Commit Request", "result":"", "context":Item count: 5
Contributing types: Preferences, Sessions, Device Info}
{"logTime": "0324/202150", "correlationVector":"/qysHAJT29SnDxuI0xLnFf.1","action":"SyncServerConnectionManagerRequest", "result":"SYNC_SERVER_OK", "context":{"environment":"Prod_francecentral_prod-s01-062-eur-francecentral", "migrationStage":"NotStarted", "server":"akswtt113000003"}}
{"logTime": "0324/202150", "correlationVector":"/qysHAJT29SnDxuI0xLnFf.2","action":"Commit Response", "result":"Success", "context":Result: Success. cV=/qysHAJT29SnDxuI0xLnFf.0;server=akswtt113000003;cloudType=Consumer;environment=Prod_francecentral_prod-s01-062-eur-francecentral;migrationStage=NotStarted}
{"logTime": "0324/202301", "correlationVector":"KEiCJZ+Fb9MCyh/VwY2XU9","action":"Commit Request", "result":"", "context":Item count: 6
Contributing types: Sessions, History}
{"logTime": "0324/202302", "correlationVector":"KEiCJZ+Fb9MCyh/VwY2XU9.1","action":"SyncServerConnectionManagerRequest", "result":"SYNC_SERVER_OK", "context":{"environment":"Prod_francecentral_prod-s01-062-eur-francecentral", "migrationStage":"NotStarted", "server":"akswtt113000003"}}
{"logTime": "0324/202302", "correlationVector":"KEiCJZ+Fb9MCyh/VwY2XU9.2","action":"Commit Response", "result":"Success", "context":Result: Success. cV=KEiCJZ+Fb9MCyh/VwY2XU9.0;server=akswtt113000003;cloudType=Consumer;environment=Prod_francecentral_prod-s01-062-eur-francecentral;migrationStage=NotStarted}
{"logTime": "0324/202408", "correlationVector":"/wikQPZvr0H8AK7OKDfClV","action":"Commit Request", "result":"", "context":Item count: 3
Contributing types: Sessions, History}
{"logTime": "0324/202409", "correlationVector":"/wikQPZvr0H8AK7OKDfClV.1","action":"SyncServerConnectionManagerRequest", "result":"SYNC_SERVER_OK", "context":{"environment":"Prod_francecentral_prod-s01-062-eur-francecentral", "migrationStage":"NotStarted", "server":"akswtt11300000a"}}
{"logTime": "0324/202409", "correlationVector":"/wikQPZvr0H8AK7OKDfClV.2","action":"Commit Response", "result":"Success", "context":Result: Success. cV=/wikQPZvr0H8AK7OKDfClV.0;server=akswtt11300000a;cloudType=Consumer;environment=Prod_francecentral_prod-s01-062-eur-francecentral;migrationStage=NotStarted}
{"logTime": "0324/202521", "correlationVector":"r+f23WqeWks/FjokyAOhbd","action":"Normal GetUpdate request", "result":"", "context":cV=r+f23WqeWks/FjokyAOhbd
Notified types: Device Info}
{"logTime": "0324/202522", "correlationVector":"r+f23WqeWks/FjokyAOhbd.1","action":"SyncServerConnectionManagerRequest", "result":"SYNC_SERVER_OK", "context":{"environment":"Prod_francecentral_prod-s01-062-eur-francecentral", "migrationStage":"NotStarted", "server":"akswtt11300000h"}}
{"logTime": "0324/202522", "correlationVector":"r+f23WqeWks/FjokyAOhbd.2","action":"ProcessGetUpdates", "result":"Done", "context":{"dataType":"Preferences", "deleted":"0", "process_failed_to_decrypt":"0", "process_pending_decryption":"0", "process_success":"2", "total":"2"}}
{"logTime": "0324/202522", "correlationVector":"r+f23WqeWks/FjokyAOhbd.3","action":"ProcessGetUpdates", "result":"Done", "context":{"dataType":"Sessions", "deleted":"0", "process_failed_to_decrypt":"0", "process_pending_decryption":"0", "process_success":"2", "total":"2"}}
{"logTime": "0324/202522", "correlationVector":"r+f23WqeWks/FjokyAOhbd.4","action":"ProcessGetUpdates", "result":"Done", "context":{"dataType":"Device Info", "deleted":"0", "process_failed_to_decrypt":"0", "process_pending_decryption":"0", "process_success":"2", "total":"2"}}
{"logTime": "0324/202522", "correlationVector":"r+f23WqeWks/FjokyAOhbd.5","action":"ProcessGetUpdates", "result":"Done", "context":{"dataType":"History", "deleted":"0", "process_failed_to_decrypt":"0", "process_pending_decryption":"0", "process_success":"6", "total":"6"}}
{"logTime": "0324/202522", "correlationVector":"r+f23WqeWks/FjokyAOhbd.6","action":"GetUpdates Response", "result":"Success", "context":Received 12 update(s). cV=r+f23WqeWks/FjokyAOhbd.0;server=akswtt11300000h;cloudType=Consumer;environment=Prod_francecentral_prod-s01-062-eur-francecentral;migrationStage=NotStarted}
{"logTime": "0324/202529", "correlationVector":"kFPvMAFGjYmsnBVMmelUOa","action":"Normal GetUpdate request", "result":"", "context":cV=kFPvMAFGjYmsnBVMmelUOa
Notified types: Device Info, History}
{"logTime": "0324/202529", "correlationVector":"kFPvMAFGjYmsnBVMmelUOa.1","action":"SyncServerConnectionManagerRequest", "result":"SYNC_SERVER_OK", "context":{"environment":"Prod_francecentral_prod-s01-062-eur-francecentral", "migrationStage":"NotStarted", "server":"akswtt11300000y"}}
{"logTime": "0324/202529", "correlationVector":"kFPvMAFGjYmsnBVMmelUOa.2","action":"ProcessGetUpdates", "result":"Done", "context":{"dataType":"Sessions", "deleted":"0", "process_failed_to_decrypt":"0", "process_pending_decryption":"0", "process_success":"3", "total":"3"}}
{"logTime": "0324/202529", "correlationVector":"kFPvMAFGjYmsnBVMmelUOa.3","action":"ProcessGetUpdates", "result":"Done", "context":{"dataType":"Device Info", "deleted":"0", "process_failed_to_decrypt":"0", "process_pending_decryption":"0", "process_success":"1", "total":"1"}}
{"logTime": "0324/202529", "correlationVector":"kFPvMAFGjYmsnBVMmelUOa.4","action":"ProcessGetUpdates", "result":"Done", "context":{"dataType":"History", "deleted":"0", "process_failed_to_decrypt":"0", "process_pending_decryption":"0", "process_success":"1", "total":"1"}}
{"logTime": "0324/202529", "correlationVector":"kFPvMAFGjYmsnBVMmelUOa.5","action":"GetUpdates Response", "result":"Success", "context":Received 5 update(s). cV=kFPvMAFGjYmsnBVMmelUOa.0;server=akswtt11300000y;cloudType=Consumer;environment=Prod_francecentral_prod-s01-062-eur-francecentral;migrationStage=NotStarted}
{"logTime": "0324/202532", "correlationVector":"iNrWY8ChlfwDEcZl+oDiBk","action":"Normal GetUpdate request", "result":"", "context":cV=iNrWY8ChlfwDEcZl+oDiBk
Notified types: Preferences}
{"logTime": "0324/202532", "correlationVector":"iNrWY8ChlfwDEcZl+oDiBk.1","action":"SyncServerConnectionManagerRequest", "result":"SYNC_SERVER_OK", "context":{"environment":"Prod_francecentral_prod-s01-062-eur-francecentral", "migrationStage":"NotStarted", "server":"akswtt113000003"}}
{"logTime": "0324/202532", "correlationVector":"iNrWY8ChlfwDEcZl+oDiBk.2","action":"ProcessGetUpdates", "result":"Done", "context":{"dataType":"Preferences", "deleted":"0", "process_failed_to_decrypt":"0", "process_pending_decryption":"0", "process_success":"1", "total":"1"}}
{"logTime": "0324/202532", "correlationVector":"iNrWY8ChlfwDEcZl+oDiBk.3","action":"GetUpdates Response", "result":"Success", "context":Received 1 update(s). cV=iNrWY8ChlfwDEcZl+oDiBk.0;server=akswtt113000003;cloudType=Consumer;environment=Prod_francecentral_prod-s01-062-eur-francecentral;migrationStage=NotStarted}
{"logTime": "0324/202632", "correlationVector":"wO0Kueo9oOV6wT41LApEiR","action":"Normal GetUpdate request", "result":"", "context":cV=wO0Kueo9oOV6wT41LApEiR
Notified types: History}
{"logTime": "0324/202633", "correlationVector":"wO0Kueo9oOV6wT41LApEiR.1","action":"SyncServerConnectionManagerRequest", "result":"SYNC_SERVER_OK", "context":{"environment":"Prod_francecentral_prod-s01-062-eur-francecentral", "migrationStage":"NotStarted", "server":"akswtt113000005"}}
{"logTime": "0324/202633", "correlationVector":"wO0Kueo9oOV6wT41LApEiR.2","action":"ProcessGetUpdates", "result":"Done", "context":{"dataType":"Sessions", "deleted":"0", "process_failed_to_decrypt":"0", "process_pending_decryption":"0", "process_success":"2", "total":"2"}}
{"logTime": "0324/202633", "correlationVector":"wO0Kueo9oOV6wT41LApEiR.3","action":"ProcessGetUpdates", "result":"Done", "context":{"dataType":"History", "deleted":"0", "process_failed_to_decrypt":"0", "process_pending_decryption":"0", "process_success":"3", "total":"3"}}
{"logTime": "0324/202633", "correlationVector":"wO0Kueo9oOV6wT41LApEiR.4","action":"GetUpdates Response", "result":"Success", "context":Received 5 update(s). cV=wO0Kueo9oOV6wT41LApEiR.0;server=akswtt113000005;cloudType=Consumer;environment=Prod_francecentral_prod-s01-062-eur-francecentral;migrationStage=NotStarted}
{"logTime": "0324/203104", "correlationVector":"K3xUxSOT1YFsG9tVSCUbJT","action":"Commit Request", "result":"", "context":Item count: 4
Contributing types: Sessions, History}
{"logTime": "0324/203106", "correlationVector":"K3xUxSOT1YFsG9tVSCUbJT.1","action":"SyncServerConnectionManagerRequest", "result":"SYNC_SERVER_OK", "context":{"environment":"Prod_francecentral_prod-s01-062-eur-francecentral", "migrationStage":"NotStarted", "server":"akswtt11300000v"}}
{"logTime": "0324/203106", "correlationVector":"K3xUxSOT1YFsG9tVSCUbJT.2","action":"Commit Response", "result":"Success", "context":Result: Success. cV=K3xUxSOT1YFsG9tVSCUbJT.0;server=akswtt11300000v;cloudType=Consumer;environment=Prod_francecentral_prod-s01-062-eur-francecentral;migrationStage=NotStarted}
{"logTime": "0325/042253", "correlationVector":"JBA9dvJpTq6LlexTDKsc2m.1","action":"SyncServerConnectionManagerRequest", "result":"SYNC_SERVER_OK", "context":{"environment":"Prod_francecentral_prod-s01-062-eur-francecentral", "migrationStage":"NotStarted", "server":"akswtt11300000l"}}
{"logTime": "0325/042253", "correlationVector":"JBA9dvJpTq6LlexTDKsc2m.2","action":"ProcessGetUpdates", "result":"Done", "context":{"dataType":"Encryption Keys", "deleted":"0", "process_failed_to_decrypt":"0", "process_pending_decryption":"0", "process_success":"1", "total":"1"}}
{"logTime": "0325/042254", "correlationVector":"JBA9dvJpTq6LlexTDKsc2m","action":"Initial GetUpdates", "result":"", "context":Reason: NEW_CLIENT. cV=JBA9dvJpTq6LlexTDKsc2m}
{"logTime": "0325/042254", "correlationVector":"JBA9dvJpTq6LlexTDKsc2m.3","action":"GetUpdates Response", "result":"Success", "context":Received 1 update(s). cV=JBA9dvJpTq6LlexTDKsc2m.0;server=akswtt11300000l;cloudType=Consumer;environment=Prod_francecentral_prod-s01-062-eur-francecentral;migrationStage=NotStarted}
{"logTime": "0325/042254", "correlationVector":"PT106zw2oBbLN3Kby/u3LM","action":"Normal GetUpdate request", "result":"", "context":cV=PT106zw2oBbLN3Kby/u3LM
Nudged types: Sessions, Device Info, History
Refresh requested types: Bookmarks, Preferences, Extensions, Sessions, Extension settings, History Delete Directives, Device Info, User Consents, Send Tab To Self, Web Apps, History, Saved Tab Group, WebAuthn Credentials, Collection, Edge E Drop, Edge Hub App Usage, Edge Wallet, Edge Workspace, Encryption Keys}
{"logTime": "0325/042254", "correlationVector":"PT106zw2oBbLN3Kby/u3LM.1","action":"SyncServerConnectionManagerRequest", "result":"SYNC_SERVER_OK", "context":{"environment":"Prod_francecentral_prod-s01-062-eur-francecentral", "migrationStage":"NotStarted", "server":"akswtt11300000l"}}
{"logTime": "0325/042254", "correlationVector":"PT106zw2oBbLN3Kby/u3LM.2","action":"ProcessGetUpdates", "result":"Done", "context":{"dataType":"Sessions", "deleted":"0", "process_failed_to_decrypt":"0", "process_pending_decryption":"0", "process_success":"3", "total":"3"}}
{"logTime": "0325/042254", "correlationVector":"PT106zw2oBbLN3Kby/u3LM.3","action":"ProcessGetUpdates", "result":"Done", "context":{"dataType":"History", "deleted":"0", "process_failed_to_decrypt":"0", "process_pending_decryption":"0", "process_success":"3", "total":"3"}}
{"logTime": "0325/042254", "correlationVector":"PT106zw2oBbLN3Kby/u3LM.4","action":"GetUpdates Response", "result":"Success", "context":Received 6 update(s). cV=PT106zw2oBbLN3Kby/u3LM.0;server=akswtt11300000l;cloudType=Consumer;environment=Prod_francecentral_prod-s01-062-eur-francecentral;migrationStage=NotStarted}
{"logTime": "0325/042255", "correlationVector":"H35SjCt8uY6qypwqOsqn2O","action":"Commit Request", "result":"", "context":Item count: 4
Contributing types: Sessions, Device Info, History}
{"logTime": "0325/042256", "correlationVector":"H35SjCt8uY6qypwqOsqn2O.1","action":"SyncServerConnectionManagerRequest", "result":"SYNC_SERVER_OK", "context":{"environment":"Prod_francecentral_prod-s01-062-eur-francecentral", "migrationStage":"NotStarted", "server":"akswtt11300000l"}}
{"logTime": "0325/042256", "correlationVector":"H35SjCt8uY6qypwqOsqn2O.2","action":"Commit Response", "result":"Success", "context":Result: Success. cV=H35SjCt8uY6qypwqOsqn2O.0;server=akswtt11300000l;cloudType=Consumer;environment=Prod_francecentral_prod-s01-062-eur-francecentral;migrationStage=NotStarted}
{"logTime": "0325/042256", "correlationVector":"GjH4Ikf7pbP1SqsA1z3gIk","action":"Commit Request", "result":"", "context":Item count: 1
Contributing types: History}
{"logTime": "0325/042256", "correlationVector":"GjH4Ikf7pbP1SqsA1z3gIk.1","action":"SyncServerConnectionManagerRequest", "result":"SYNC_SERVER_OK", "context":{"environment":"Prod_francecentral_prod-s01-062-eur-francecentral", "migrationStage":"NotStarted", "server":"akswtt11300000m"}}
{"logTime": "0325/042256", "correlationVector":"GjH4Ikf7pbP1SqsA1z3gIk.2","action":"Commit Response", "result":"Success", "context":Result: Success. cV=GjH4Ikf7pbP1SqsA1z3gIk.0;server=akswtt11300000m;cloudType=Consumer;environment=Prod_francecentral_prod-s01-062-eur-francecentral;migrationStage=NotStarted}
{"logTime": "0325/042256", "correlationVector":"r38QyYS7wYMNWqIFdq63GK","action":"Poll GetUpdate request", "result":"", "context":cV=r38QyYS7wYMNWqIFdq63GK}
{"logTime": "0325/042256", "correlationVector":"r38QyYS7wYMNWqIFdq63GK.1","action":"SyncServerConnectionManagerRequest", "result":"SYNC_SERVER_OK", "context":{"environment":"Prod_francecentral_prod-s01-062-eur-francecentral", "migrationStage":"NotStarted", "server":"akswtt11300000m"}}
{"logTime": "0325/042256", "correlationVector":"r38QyYS7wYMNWqIFdq63GK.2","action":"ProcessGetUpdates", "result":"Done", "context":{"dataType":"Sessions", "deleted":"0", "process_failed_to_decrypt":"0", "process_pending_decryption":"0", "process_success":"2", "total":"2"}}
{"logTime": "0325/042256", "correlationVector":"r38QyYS7wYMNWqIFdq63GK.3","action":"ProcessGetUpdates", "result":"Done", "context":{"dataType":"Device Info", "deleted":"0", "process_failed_to_decrypt":"0", "process_pending_decryption":"0", "process_success":"1", "total":"1"}}
{"logTime": "0325/042256", "correlationVector":"r38QyYS7wYMNWqIFdq63GK.4","action":"ProcessGetUpdates", "result":"Done", "context":{"dataType":"History", "deleted":"0", "process_failed_to_decrypt":"0", "process_pending_decryption":"0", "process_success":"1", "total":"1"}}
{"logTime": "0325/042256", "correlationVector":"r38QyYS7wYMNWqIFdq63GK.5","action":"GetUpdates Response", "result":"Success", "context":Received 4 update(s). cV=r38QyYS7wYMNWqIFdq63GK.0;server=akswtt11300000m;cloudType=Consumer;environment=Prod_francecentral_prod-s01-062-eur-francecentral;migrationStage=NotStarted}
{"logTime": "0325/042303", "correlationVector":"Q1AR+p2dFQWTKy95YNRI/Y","action":"Commit Request", "result":"", "context":Item count: 1
Contributing types: Device Info}
{"logTime": "0325/042303", "correlationVector":"Q1AR+p2dFQWTKy95YNRI/Y.1","action":"SyncServerConnectionManagerRequest", "result":"SYNC_SERVER_OK", "context":{"environment":"Prod_francecentral_prod-s01-062-eur-francecentral", "migrationStage":"NotStarted", "server":"akswtt11300000l"}}
{"logTime": "0325/042303", "correlationVector":"Q1AR+p2dFQWTKy95YNRI/Y.2","action":"Commit Response", "result":"Success", "context":Result: Success. cV=Q1AR+p2dFQWTKy95YNRI/Y.0;server=akswtt11300000l;cloudType=Consumer;environment=Prod_francecentral_prod-s01-062-eur-francecentral;migrationStage=NotStarted}
{"logTime": "0325/042312", "correlationVector":"dYRRTtl/w51iPveezCDgWk","action":"Commit Request", "result":"", "context":Item count: 1
Contributing types: Preferences}
{"logTime": "0325/042312", "correlationVector":"dYRRTtl/w51iPveezCDgWk.1","action":"SyncServerConnectionManagerRequest", "result":"SYNC_SERVER_OK", "context":{"environment":"Prod_francecentral_prod-s01-062-eur-francecentral", "migrationStage":"NotStarted", "server":"akswtt113000001"}}
{"logTime": "0325/042312", "correlationVector":"dYRRTtl/w51iPveezCDgWk.2","action":"Commit Response", "result":"Success", "context":Result: Success. cV=dYRRTtl/w51iPveezCDgWk.0;server=akswtt113000001;cloudType=Consumer;environment=Prod_francecentral_prod-s01-062-eur-francecentral;migrationStage=NotStarted}
{"logTime": "0325/042455", "correlationVector":"b11veIU6IeXXpnj2pt5mn5","action":"Commit Request", "result":"", "context":Item count: 3
Contributing types: Sessions, History}
{"logTime": "0325/042455", "correlationVector":"b11veIU6IeXXpnj2pt5mn5.1","action":"SyncServerConnectionManagerRequest", "result":"SYNC_SERVER_OK", "context":{"environment":"Prod_francecentral_prod-s01-062-eur-francecentral", "migrationStage":"NotStarted", "server":"akswtt11300000m"}}
{"logTime": "0325/042455", "correlationVector":"b11veIU6IeXXpnj2pt5mn5.2","action":"Commit Response", "result":"Success", "context":Result: Success. cV=b11veIU6IeXXpnj2pt5mn5.0;server=akswtt11300000m;cloudType=Consumer;environment=Prod_francecentral_prod-s01-062-eur-francecentral;migrationStage=NotStarted}
{"logTime": "0325/091655", "correlationVector":"PvNvcww1gYB2KAYVsgyAnB.1","action":"SyncServerConnectionManagerRequest", "result":"SYNC_SERVER_OK", "context":{"environment":"Prod_westeurope_prod-s01-079-eur-westeurope", "migrationStage":"NotStarted", "server":"akswtt000000000"}}
{"logTime": "0325/091655", "correlationVector":"PvNvcww1gYB2KAYVsgyAnB.2","action":"ProcessGetUpdates", "result":"Done", "context":{"dataType":"Encryption Keys", "deleted":"0", "process_failed_to_decrypt":"0", "process_pending_decryption":"0", "process_success":"1", "total":"1"}}
{"logTime": "0325/091656", "correlationVector":"PvNvcww1gYB2KAYVsgyAnB","action":"Initial GetUpdates", "result":"", "context":Reason: NEW_CLIENT. cV=PvNvcww1gYB2KAYVsgyAnB}
{"logTime": "0325/091656", "correlationVector":"PvNvcww1gYB2KAYVsgyAnB.3","action":"GetUpdates Response", "result":"Success", "context":Received 1 update(s). cV=PvNvcww1gYB2KAYVsgyAnB.0;server=akswtt000000000;cloudType=Consumer;environment=Prod_westeurope_prod-s01-079-eur-westeurope;migrationStage=NotStarted}
{"logTime": "0325/091656", "correlationVector":"2HPWTDHxKMoQuUZ4LVyj67","action":"Initial GetUpdates", "result":"", "context":Reason: NEWLY_SUPPORTED_DATATYPE. cV=2HPWTDHxKMoQuUZ4LVyj67}
{"logTime": "0325/091657", "correlationVector":"2HPWTDHxKMoQuUZ4LVyj67.1","action":"SyncServerConnectionManagerRequest", "result":"SYNC_SERVER_OK", "context":{"environment":"Prod_westeurope_prod-s01-079-eur-westeurope", "migrationStage":"NotStarted", "server":"akswtt000000006"}}
{"logTime": "0325/091657", "correlationVector":"2HPWTDHxKMoQuUZ4LVyj67.2","action":"ProcessGetUpdates", "result":"Done", "context":{"dataType":"Preferences", "deleted":"0", "process_failed_to_decrypt":"0", "process_pending_decryption":"0", "process_success":"91", "total":"91"}}
{"logTime": "0325/091657", "correlationVector":"2HPWTDHxKMoQuUZ4LVyj67.3","action":"ProcessGetUpdates", "result":"Done", "context":{"dataType":"Device Info", "deleted":"0", "process_failed_to_decrypt":"0", "process_pending_decryption":"0", "process_success":"45", "total":"45"}}
{"logTime": "0325/091657", "correlationVector":"2HPWTDHxKMoQuUZ4LVyj67.4","action":"GetUpdates Response", "result":"Success", "context":Received 136 update(s). cV=2HPWTDHxKMoQuUZ4LVyj67.0;server=akswtt000000006;cloudType=Consumer;environment=Prod_westeurope_prod-s01-079-eur-westeurope;migrationStage=NotStarted}
{"logTime": "0325/180209", "correlationVector":"8An+9I1iuD+SLkCgqXqIlm.1","action":"SyncServerConnectionManagerRequest", "result":"SYNC_SERVER_OK", "context":{"environment":"Prod_francecentral_prod-s01-062-eur-francecentral", "migrationStage":"NotStarted", "server":"akswtt11300000l"}}
{"logTime": "0325/180209", "correlationVector":"8An+9I1iuD+SLkCgqXqIlm.2","action":"ProcessGetUpdates", "result":"Done", "context":{"dataType":"Encryption Keys", "deleted":"0", "process_failed_to_decrypt":"0", "process_pending_decryption":"0", "process_success":"1", "total":"1"}}
{"logTime": "0325/180210", "correlationVector":"8An+9I1iuD+SLkCgqXqIlm","action":"Initial GetUpdates", "result":"", "context":Reason: NEW_CLIENT. cV=8An+9I1iuD+SLkCgqXqIlm}
{"logTime": "0325/180210", "correlationVector":"8An+9I1iuD+SLkCgqXqIlm.3","action":"GetUpdates Response", "result":"Success", "context":Received 1 update(s). cV=8An+9I1iuD+SLkCgqXqIlm.0;server=akswtt11300000l;cloudType=Consumer;environment=Prod_francecentral_prod-s01-062-eur-francecentral;migrationStage=NotStarted}
{"logTime": "0325/180210", "correlationVector":"NOTjToZGLodBs79TYTdKSn","action":"Initial GetUpdates", "result":"", "context":Reason: NEWLY_SUPPORTED_DATATYPE. cV=NOTjToZGLodBs79TYTdKSn}
{"logTime": "0325/180211", "correlationVector":"NOTjToZGLodBs79TYTdKSn.1","action":"SyncServerConnectionManagerRequest", "result":"SYNC_SERVER_OK", "context":{"environment":"Prod_francecentral_prod-s01-062-eur-francecentral", "migrationStage":"NotStarted", "server":"akswtt11300000f"}}
{"logTime": "0325/180211", "correlationVector":"NOTjToZGLodBs79TYTdKSn.2","action":"ProcessGetUpdates", "result":"Done", "context":{"dataType":"Bookmarks", "deleted":"1", "process_failed_to_decrypt":"0", "process_pending_decryption":"0", "process_success":"30", "total":"30"}}
{"logTime": "0325/180211", "correlationVector":"NOTjToZGLodBs79TYTdKSn.3","action":"GetUpdates Response", "result":"Success", "context":Received 30 update(s). cV=NOTjToZGLodBs79TYTdKSn.0;server=akswtt11300000f;cloudType=Consumer;environment=Prod_francecentral_prod-s01-062-eur-francecentral;migrationStage=NotStarted}
{"logTime": "0325/180211", "correlationVector":"JS1z2Acg6YY4xTEKDhxee2","action":"Normal GetUpdate request", "result":"", "context":cV=JS1z2Acg6YY4xTEKDhxee2
Nudged types: Preferences, Sessions, Device Info, History
Refresh requested types: Bookmarks, Preferences, Extensions, Sessions, Extension settings, History Delete Directives, Device Info, User Consents, Send Tab To Self, Web Apps, History, Saved Tab Group, WebAuthn Credentials, Collection, Edge E Drop, Edge Hub App Usage, Edge Wallet, Edge Workspace, Encryption Keys}
{"logTime": "0325/180212", "correlationVector":"JS1z2Acg6YY4xTEKDhxee2.1","action":"SyncServerConnectionManagerRequest", "result":"SYNC_SERVER_OK", "context":{"environment":"Prod_francecentral_prod-s01-062-eur-francecentral", "migrationStage":"NotStarted", "server":"akswtt11300000v"}}
{"logTime": "0325/180212", "correlationVector":"JS1z2Acg6YY4xTEKDhxee2.2","action":"ProcessGetUpdates", "result":"Done", "context":{"dataType":"Preferences", "deleted":"0", "process_failed_to_decrypt":"0", "process_pending_decryption":"0", "process_success":"3", "total":"3"}}
{"logTime": "0325/180212", "correlationVector":"JS1z2Acg6YY4xTEKDhxee2.3","action":"ProcessGetUpdates", "result":"Done", "context":{"dataType":"Sessions", "deleted":"2", "process_failed_to_decrypt":"0", "process_pending_decryption":"0", "process_success":"6", "total":"6"}}
{"logTime": "0325/180212", "correlationVector":"JS1z2Acg6YY4xTEKDhxee2.4","action":"ProcessGetUpdates", "result":"Done", "context":{"dataType":"Device Info", "deleted":"0", "process_failed_to_decrypt":"0", "process_pending_decryption":"0", "process_success":"2", "total":"2"}}
{"logTime": "0325/180212", "correlationVector":"JS1z2Acg6YY4xTEKDhxee2.5","action":"ProcessGetUpdates", "result":"Done", "context":{"dataType":"History", "deleted":"0", "process_failed_to_decrypt":"0", "process_pending_decryption":"0", "process_success":"13", "total":"13"}}
{"logTime": "0325/180212", "correlationVector":"JS1z2Acg6YY4xTEKDhxee2.6","action":"ProcessGetUpdates", "result":"Done", "context":{"dataType":"Edge Hub App Usage", "deleted":"3", "process_failed_to_decrypt":"0", "process_pending_decryption":"0", "process_success":"3", "total":"3"}}
{"logTime": "0325/180212", "correlationVector":"JS1z2Acg6YY4xTEKDhxee2.7","action":"GetUpdates Response", "result":"Success", "context":Received 27 update(s). cV=JS1z2Acg6YY4xTEKDhxee2.0;server=akswtt11300000v;cloudType=Consumer;environment=Prod_francecentral_prod-s01-062-eur-francecentral;migrationStage=NotStarted}
{"logTime": "0325/180213", "correlationVector":"o2Be63MvGV0i7yiqxGLgxJ","action":"Commit Request", "result":"", "context":Item count: 5
Contributing types: Preferences, Sessions, Device Info, History}
{"logTime": "0325/180214", "correlationVector":"o2Be63MvGV0i7yiqxGLgxJ.1","action":"SyncServerConnectionManagerRequest", "result":"SYNC_SERVER_OK", "context":{"environment":"Prod_francecentral_prod-s01-062-eur-francecentral", "migrationStage":"NotStarted", "server":"akswtt11300000i"}}
{"logTime": "0325/180214", "correlationVector":"o2Be63MvGV0i7yiqxGLgxJ.2","action":"Commit Response", "result":"Success", "context":Result: Success. cV=o2Be63MvGV0i7yiqxGLgxJ.0;server=akswtt11300000i;cloudType=Consumer;environment=Prod_francecentral_prod-s01-062-eur-francecentral;migrationStage=NotStarted}
{"logTime": "0325/180214", "correlationVector":"Ir4MosdtmXi07eYytVpAI9","action":"Poll GetUpdate request", "result":"", "context":cV=Ir4MosdtmXi07eYytVpAI9}
{"logTime": "0325/180214", "correlationVector":"Ir4MosdtmXi07eYytVpAI9.1","action":"SyncServerConnectionManagerRequest", "result":"SYNC_SERVER_OK", "context":{"environment":"Prod_francecentral_prod-s01-062-eur-francecentral", "migrationStage":"NotStarted", "server":"akswtt11300000v"}}
{"logTime": "0325/180214", "correlationVector":"Ir4MosdtmXi07eYytVpAI9.2","action":"ProcessGetUpdates", "result":"Done", "context":{"dataType":"Preferences", "deleted":"0", "process_failed_to_decrypt":"0", "process_pending_decryption":"0", "process_success":"1", "total":"1"}}
{"logTime": "0325/180214", "correlationVector":"Ir4MosdtmXi07eYytVpAI9.3","action":"ProcessGetUpdates", "result":"Done", "context":{"dataType":"Sessions", "deleted":"0", "process_failed_to_decrypt":"0", "process_pending_decryption":"0", "process_success":"2", "total":"2"}}
{"logTime": "0325/180214", "correlationVector":"Ir4MosdtmXi07eYytVpAI9.4","action":"ProcessGetUpdates", "result":"Done", "context":{"dataType":"Device Info", "deleted":"0", "process_failed_to_decrypt":"0", "process_pending_decryption":"0", "process_success":"1", "total":"1"}}
{"logTime": "0325/180214", "correlationVector":"Ir4MosdtmXi07eYytVpAI9.5","action":"ProcessGetUpdates", "result":"Done", "context":{"dataType":"History", "deleted":"0", "process_failed_to_decrypt":"0", "process_pending_decryption":"0", "process_success":"1", "total":"1"}}
{"logTime": "0325/180214", "correlationVector":"Ir4MosdtmXi07eYytVpAI9.6","action":"GetUpdates Response", "result":"Success", "context":Received 5 update(s). cV=Ir4MosdtmXi07eYytVpAI9.0;server=akswtt11300000v;cloudType=Consumer;environment=Prod_francecentral_prod-s01-062-eur-francecentral;migrationStage=NotStarted}
{"logTime": "0325/180218", "correlationVector":"TV6gwxPhMGjhvS0vRvGgD2","action":"Commit Request", "result":"", "context":Item count: 1
Contributing types: Preferences}
{"logTime": "0325/180218", "correlationVector":"TV6gwxPhMGjhvS0vRvGgD2.1","action":"SyncServerConnectionManagerRequest", "result":"SYNC_SERVER_OK", "context":{"environment":"Prod_francecentral_prod-s01-062-eur-francecentral", "migrationStage":"NotStarted", "server":"akswtt11300000f"}}
{"logTime": "0325/180218", "correlationVector":"TV6gwxPhMGjhvS0vRvGgD2.2","action":"Commit Response", "result":"Success", "context":Result: Success. cV=TV6gwxPhMGjhvS0vRvGgD2.0;server=akswtt11300000f;cloudType=Consumer;environment=Prod_francecentral_prod-s01-062-eur-francecentral;migrationStage=NotStarted}
{"logTime": "0325/180426", "correlationVector":"MWAPQwFNh6dt7iNCCbPWOC","action":"Commit Request", "result":"", "context":Item count: 3
Contributing types: Sessions, History}
{"logTime": "0325/180427", "correlationVector":"MWAPQwFNh6dt7iNCCbPWOC.1","action":"SyncServerConnectionManagerRequest", "result":"SYNC_SERVER_OK", "context":{"environment":"Prod_francecentral_prod-s01-062-eur-francecentral", "migrationStage":"NotStarted", "server":"akswtt113000019"}}
{"logTime": "0325/180427", "correlationVector":"MWAPQwFNh6dt7iNCCbPWOC.2","action":"Commit Response", "result":"Success", "context":Result: Success. cV=MWAPQwFNh6dt7iNCCbPWOC.0;server=akswtt113000019;cloudType=Consumer;environment=Prod_francecentral_prod-s01-062-eur-francecentral;migrationStage=NotStarted}
{"logTime": "0325/180616", "correlationVector":"yDXQZHw+jddoHAGX+KsLBS","action":"Commit Request", "result":"", "context":Item count: 1
Contributing types: Device Info}
{"logTime": "0325/180617", "correlationVector":"yDXQZHw+jddoHAGX+KsLBS.1","action":"SyncServerConnectionManagerRequest", "result":"SYNC_SERVER_OK", "context":{"environment":"Prod_francecentral_prod-s01-062-eur-francecentral", "migrationStage":"NotStarted", "server":"akswtt11300000p"}}
{"logTime": "0325/180617", "correlationVector":"yDXQZHw+jddoHAGX+KsLBS.2","action":"Commit Response", "result":"Success", "context":Result: Success. cV=yDXQZHw+jddoHAGX+KsLBS.0;server=akswtt11300000p;cloudType=Consumer;environment=Prod_francecentral_prod-s01-062-eur-francecentral;migrationStage=NotStarted}
{"logTime": "0325/181442", "correlationVector":"PfO8HcPj17xqDSM7L8RE7C","action":"Commit Request", "result":"", "context":Item count: 1
Contributing types: Device Info}
{"logTime": "0325/181442", "correlationVector":"PfO8HcPj17xqDSM7L8RE7C.1","action":"SyncServerConnectionManagerRequest", "result":"SYNC_SERVER_OK", "context":{"environment":"Prod_francecentral_prod-s01-062-eur-francecentral", "migrationStage":"NotStarted", "server":"akswtt11300000g"}}
{"logTime": "0325/181442", "correlationVector":"PfO8HcPj17xqDSM7L8RE7C.2","action":"Commit Response", "result":"Success", "context":Result: Success. cV=PfO8HcPj17xqDSM7L8RE7C.0;server=akswtt11300000g;cloudType=Consumer;environment=Prod_francecentral_prod-s01-062-eur-francecentral;migrationStage=NotStarted}
{"logTime": "0325/181609", "correlationVector":"CL/RGcumPkd1yFO8tW8Dqt","action":"Commit Request", "result":"", "context":Item count: 3
Contributing types: Sessions, History}
{"logTime": "0325/181610", "correlationVector":"CL/RGcumPkd1yFO8tW8Dqt.1","action":"SyncServerConnectionManagerRequest", "result":"SYNC_SERVER_OK", "context":{"environment":"Prod_francecentral_prod-s01-062-eur-francecentral", "migrationStage":"NotStarted", "server":"akswtt11300000p"}}
{"logTime": "0325/181610", "correlationVector":"CL/RGcumPkd1yFO8tW8Dqt.2","action":"Commit Response", "result":"Success", "context":Result: Success. cV=CL/RGcumPkd1yFO8tW8Dqt.0;server=akswtt11300000p;cloudType=Consumer;environment=Prod_francecentral_prod-s01-062-eur-francecentral;migrationStage=NotStarted}
{"logTime": "0325/181711", "correlationVector":"S3RQoviebf+ZAVdPVV+k/A","action":"Commit Request", "result":"", "context":Item count: 1
Contributing types: Sessions}
{"logTime": "0325/181711", "correlationVector":"S3RQoviebf+ZAVdPVV+k/A.1","action":"SyncServerConnectionManagerRequest", "result":"SYNC_SERVER_OK", "context":{"environment":"Prod_francecentral_prod-s01-062-eur-francecentral", "migrationStage":"NotStarted", "server":"akswtt11300000r"}}
{"logTime": "0325/181711", "correlationVector":"S3RQoviebf+ZAVdPVV+k/A.2","action":"Commit Response", "result":"Success", "context":Result: Success. cV=S3RQoviebf+ZAVdPVV+k/A.0;server=akswtt11300000r;cloudType=Consumer;environment=Prod_francecentral_prod-s01-062-eur-francecentral;migrationStage=NotStarted}
{"logTime": "0325/182828", "correlationVector":"RWZfHkV+B5R1FG5nQVc7q9","action":"Commit Request", "result":"", "context":Item count: 1
Contributing types: Device Info}
{"logTime": "0325/182830", "correlationVector":"RWZfHkV+B5R1FG5nQVc7q9.1","action":"SyncServerConnectionManagerRequest", "result":"SYNC_SERVER_OK", "context":{"environment":"Prod_francecentral_prod-s01-062-eur-francecentral", "migrationStage":"NotStarted", "server":"akswtt11300000a"}}
{"logTime": "0325/182830", "correlationVector":"RWZfHkV+B5R1FG5nQVc7q9.2","action":"Commit Response", "result":"Success", "context":Result: Success. cV=RWZfHkV+B5R1FG5nQVc7q9.0;server=akswtt11300000a;cloudType=Consumer;environment=Prod_francecentral_prod-s01-062-eur-francecentral;migrationStage=NotStarted}
{"logTime": "0325/182830", "correlationVector":"gQl/cKLDwgMt08KHF0hNxG","action":"Commit Request", "result":"", "context":Item count: 1
Contributing types: Device Info}
{"logTime": "0325/182830", "correlationVector":"gQl/cKLDwgMt08KHF0hNxG.1","action":"SyncServerConnectionManagerRequest", "result":"SYNC_SERVER_OK", "context":{"environment":"Prod_francecentral_prod-s01-062-eur-francecentral", "migrationStage":"NotStarted", "server":"akswtt11300000a"}}
{"logTime": "0325/182830", "correlationVector":"gQl/cKLDwgMt08KHF0hNxG.2","action":"Commit Response", "result":"Success", "context":Result: Success. cV=gQl/cKLDwgMt08KHF0hNxG.0;server=akswtt11300000a;cloudType=Consumer;environment=Prod_francecentral_prod-s01-062-eur-francecentral;migrationStage=NotStarted}
{"logTime": "0325/183335", "correlationVector":"0fFBrMFSuNJNyTh0EMIlKE","action":"Normal GetUpdate request", "result":"", "context":cV=0fFBrMFSuNJNyTh0EMIlKE
Notified types: Device Info}
{"logTime": "0325/183335", "correlationVector":"0fFBrMFSuNJNyTh0EMIlKE.1","action":"SyncServerConnectionManagerRequest", "result":"SYNC_SERVER_OK", "context":{"environment":"Prod_francecentral_prod-s01-062-eur-francecentral", "migrationStage":"NotStarted", "server":"akswtt11300000d"}}
{"logTime": "0325/183335", "correlationVector":"0fFBrMFSuNJNyTh0EMIlKE.2","action":"ProcessGetUpdates", "result":"Done", "context":{"dataType":"Preferences", "deleted":"0", "process_failed_to_decrypt":"0", "process_pending_decryption":"0", "process_success":"1", "total":"1"}}
{"logTime": "0325/183335", "correlationVector":"0fFBrMFSuNJNyTh0EMIlKE.3","action":"ProcessGetUpdates", "result":"Done", "context":{"dataType":"Sessions", "deleted":"0", "process_failed_to_decrypt":"0", "process_pending_decryption":"0", "process_success":"2", "total":"2"}}
{"logTime": "0325/183335", "correlationVector":"0fFBrMFSuNJNyTh0EMIlKE.4","action":"ProcessGetUpdates", "result":"Done", "context":{"dataType":"Device Info", "deleted":"0", "process_failed_to_decrypt":"0", "process_pending_decryption":"0", "process_success":"2", "total":"2"}}
{"logTime": "0325/183335", "correlationVector":"0fFBrMFSuNJNyTh0EMIlKE.5","action":"ProcessGetUpdates", "result":"Done", "context":{"dataType":"History", "deleted":"0", "process_failed_to_decrypt":"0", "process_pending_decryption":"0", "process_success":"3", "total":"3"}}
{"logTime": "0325/183335", "correlationVector":"0fFBrMFSuNJNyTh0EMIlKE.6","action":"GetUpdates Response", "result":"Success", "context":Received 8 update(s). cV=0fFBrMFSuNJNyTh0EMIlKE.0;server=akswtt11300000d;cloudType=Consumer;environment=Prod_francecentral_prod-s01-062-eur-francecentral;migrationStage=NotStarted}
{"logTime": "0325/183355", "correlationVector":"HMKig+hWGuOUxxy5i14efG","action":"Normal GetUpdate request", "result":"", "context":cV=HMKig+hWGuOUxxy5i14efG
Nudged types: Sessions
Notified types: Device Info, History}
{"logTime": "0325/183356", "correlationVector":"HMKig+hWGuOUxxy5i14efG.1","action":"SyncServerConnectionManagerRequest", "result":"SYNC_SERVER_OK", "context":{"environment":"Prod_francecentral_prod-s01-062-eur-francecentral", "migrationStage":"NotStarted", "server":"akswtt113000011"}}
{"logTime": "0325/183356", "correlationVector":"HMKig+hWGuOUxxy5i14efG.2","action":"ProcessGetUpdates", "result":"Done", "context":{"dataType":"Sessions", "deleted":"0", "process_failed_to_decrypt":"0", "process_pending_decryption":"0", "process_success":"3", "total":"3"}}
{"logTime": "0325/183356", "correlationVector":"HMKig+hWGuOUxxy5i14efG.3","action":"ProcessGetUpdates", "result":"Done", "context":{"dataType":"Device Info", "deleted":"0", "process_failed_to_decrypt":"0", "process_pending_decryption":"0", "process_success":"1", "total":"1"}}
{"logTime": "0325/183356", "correlationVector":"HMKig+hWGuOUxxy5i14efG.4","action":"ProcessGetUpdates", "result":"Done", "context":{"dataType":"History", "deleted":"0", "process_failed_to_decrypt":"0", "process_pending_decryption":"0", "process_success":"2", "total":"2"}}
{"logTime": "0325/183356", "correlationVector":"HMKig+hWGuOUxxy5i14efG.5","action":"GetUpdates Response", "result":"Success", "context":Received 6 update(s). cV=HMKig+hWGuOUxxy5i14efG.0;server=akswtt113000011;cloudType=Consumer;environment=Prod_francecentral_prod-s01-062-eur-francecentral;migrationStage=NotStarted}
{"logTime": "0325/183356", "correlationVector":"72TBzaNSvTAlJKuKJlCiUZ","action":"Commit Request", "result":"", "context":Item count: 1
Contributing types: Sessions}
{"logTime": "0325/183356", "correlationVector":"72TBzaNSvTAlJKuKJlCiUZ.1","action":"SyncServerConnectionManagerRequest", "result":"SYNC_SERVER_OK", "context":{"environment":"Prod_francecentral_prod-s01-062-eur-francecentral", "migrationStage":"NotStarted", "server":"akswtt113000005"}}
{"logTime": "0325/183356", "correlationVector":"72TBzaNSvTAlJKuKJlCiUZ.2","action":"Commit Response", "result":"Success", "context":Result: Success. cV=72TBzaNSvTAlJKuKJlCiUZ.0;server=akswtt113000005;cloudType=Consumer;environment=Prod_francecentral_prod-s01-062-eur-francecentral;migrationStage=NotStarted}
{"logTime": "0325/183358", "correlationVector":"9UKEUg9dVnZcFW6sO9JJnb","action":"Normal GetUpdate request", "result":"", "context":cV=9UKEUg9dVnZcFW6sO9JJnb
Nudged types: Sessions
Notified types: Preferences}
{"logTime": "0325/183358", "correlationVector":"9UKEUg9dVnZcFW6sO9JJnb.1","action":"SyncServerConnectionManagerRequest", "result":"SYNC_SERVER_OK", "context":{"environment":"Prod_francecentral_prod-s01-062-eur-francecentral", "migrationStage":"NotStarted", "server":"akswtt11300000c"}}
{"logTime": "0325/183358", "correlationVector":"9UKEUg9dVnZcFW6sO9JJnb.2","action":"ProcessGetUpdates", "result":"Done", "context":{"dataType":"Preferences", "deleted":"0", "process_failed_to_decrypt":"0", "process_pending_decryption":"0", "process_success":"1", "total":"1"}}
{"logTime": "0325/183358", "correlationVector":"9UKEUg9dVnZcFW6sO9JJnb.3","action":"ProcessGetUpdates", "result":"Done", "context":{"dataType":"Sessions", "deleted":"0", "process_failed_to_decrypt":"0", "process_pending_decryption":"0", "process_success":"1", "total":"1"}}
{"logTime": "0325/183358", "correlationVector":"9UKEUg9dVnZcFW6sO9JJnb.4","action":"GetUpdates Response", "result":"Success", "context":Received 2 update(s). cV=9UKEUg9dVnZcFW6sO9JJnb.0;server=akswtt11300000c;cloudType=Consumer;environment=Prod_francecentral_prod-s01-062-eur-francecentral;migrationStage=NotStarted}
{"logTime": "0325/184212", "correlationVector":"qKyl+p/UEQlNHf5sha0k90","action":"Commit Request", "result":"", "context":Item count: 3
Contributing types: Sessions, History}
{"logTime": "0325/184214", "correlationVector":"qKyl+p/UEQlNHf5sha0k90.1","action":"SyncServerConnectionManagerRequest", "result":"SYNC_SERVER_OK", "context":{"environment":"Prod_francecentral_prod-s01-062-eur-francecentral", "migrationStage":"NotStarted", "server":"akswtt11300000c"}}
{"logTime": "0325/184214", "correlationVector":"qKyl+p/UEQlNHf5sha0k90.2","action":"Commit Response", "result":"Success", "context":Result: Success. cV=qKyl+p/UEQlNHf5sha0k90.0;server=akswtt11300000c;cloudType=Consumer;environment=Prod_francecentral_prod-s01-062-eur-francecentral;migrationStage=NotStarted}
{"logTime": "0325/185227", "correlationVector":"cuJ2Tdh3PKDbO6ZqreDpL9","action":"Commit Request", "result":"", "context":Item count: 3
Contributing types: Sessions, History}
{"logTime": "0325/185228", "correlationVector":"cuJ2Tdh3PKDbO6ZqreDpL9.1","action":"SyncServerConnectionManagerRequest", "result":"SYNC_SERVER_OK", "context":{"environment":"Prod_francecentral_prod-s01-062-eur-francecentral", "migrationStage":"NotStarted", "server":"akswtt113000005"}}
{"logTime": "0325/185228", "correlationVector":"cuJ2Tdh3PKDbO6ZqreDpL9.2","action":"Commit Response", "result":"Success", "context":Result: Success. cV=cuJ2Tdh3PKDbO6ZqreDpL9.0;server=akswtt113000005;cloudType=Consumer;environment=Prod_francecentral_prod-s01-062-eur-francecentral;migrationStage=NotStarted}
{"logTime": "0325/185410", "correlationVector":"B/aTM/mD+t05G5LpHriejz","action":"Commit Request", "result":"", "context":Item count: 5
Contributing types: Sessions, History}
{"logTime": "0325/185410", "correlationVector":"B/aTM/mD+t05G5LpHriejz.1","action":"SyncServerConnectionManagerRequest", "result":"SYNC_SERVER_OK", "context":{"environment":"Prod_francecentral_prod-s01-062-eur-francecentral", "migrationStage":"NotStarted", "server":"akswtt113000011"}}
{"logTime": "0325/185410", "correlationVector":"B/aTM/mD+t05G5LpHriejz.2","action":"Commit Response", "result":"Success", "context":Result: Success. cV=B/aTM/mD+t05G5LpHriejz.0;server=akswtt113000011;cloudType=Consumer;environment=Prod_francecentral_prod-s01-062-eur-francecentral;migrationStage=NotStarted}
{"logTime": "0325/185524", "correlationVector":"/IEC6B5G6U4g7iopMOeX1d","action":"Commit Request", "result":"", "context":Item count: 1
Contributing types: Device Info}
{"logTime": "0325/185525", "correlationVector":"/IEC6B5G6U4g7iopMOeX1d.1","action":"SyncServerConnectionManagerRequest", "result":"SYNC_SERVER_OK", "context":{"environment":"Prod_francecentral_prod-s01-062-eur-francecentral", "migrationStage":"NotStarted", "server":"akswtt113000001"}}
{"logTime": "0325/185525", "correlationVector":"/IEC6B5G6U4g7iopMOeX1d.2","action":"Commit Response", "result":"Success", "context":Result: Success. cV=/IEC6B5G6U4g7iopMOeX1d.0;server=akswtt113000001;cloudType=Consumer;environment=Prod_francecentral_prod-s01-062-eur-francecentral;migrationStage=NotStarted}
{"logTime": "0325/185735", "correlationVector":"3Evmhd7RoZfMNL1yIxtucs","action":"Commit Request", "result":"", "context":Item count: 5
Contributing types: Sessions, History}
{"logTime": "0325/185736", "correlationVector":"3Evmhd7RoZfMNL1yIxtucs.1","action":"SyncServerConnectionManagerRequest", "result":"SYNC_SERVER_OK", "context":{"environment":"Prod_francecentral_prod-s01-062-eur-francecentral", "migrationStage":"NotStarted", "server":"akswtt11300001a"}}
{"logTime": "0325/185736", "correlationVector":"3Evmhd7RoZfMNL1yIxtucs.2","action":"Commit Response", "result":"Success", "context":Result: Success. cV=3Evmhd7RoZfMNL1yIxtucs.0;server=akswtt11300001a;cloudType=Consumer;environment=Prod_francecentral_prod-s01-062-eur-francecentral;migrationStage=NotStarted}
{"logTime": "0325/185853", "correlationVector":"ot1eTzbKvQZFjUbfu8FoNv","action":"Commit Request", "result":"", "context":Item count: 4
Contributing types: Sessions, History}
{"logTime": "0325/185853", "correlationVector":"ot1eTzbKvQZFjUbfu8FoNv.1","action":"SyncServerConnectionManagerRequest", "result":"SYNC_SERVER_OK", "context":{"environment":"Prod_francecentral_prod-s01-062-eur-francecentral", "migrationStage":"NotStarted", "server":"akswtt11300000x"}}
{"logTime": "0325/185853", "correlationVector":"ot1eTzbKvQZFjUbfu8FoNv.2","action":"Commit Response", "result":"Success", "context":Result: Success. cV=ot1eTzbKvQZFjUbfu8FoNv.0;server=akswtt11300000x;cloudType=Consumer;environment=Prod_francecentral_prod-s01-062-eur-francecentral;migrationStage=NotStarted}
{"logTime": "0325/190005", "correlationVector":"HtdlCXdJcF+LmPuYCkOG/i","action":"Commit Request", "result":"", "context":Item count: 4
Contributing types: Sessions, History}
{"logTime": "0325/190005", "correlationVector":"HtdlCXdJcF+LmPuYCkOG/i.1","action":"SyncServerConnectionManagerRequest", "result":"SYNC_SERVER_OK", "context":{"environment":"Prod_francecentral_prod-s01-062-eur-francecentral", "migrationStage":"NotStarted", "server":"akswtt11300000t"}}
{"logTime": "0325/190005", "correlationVector":"HtdlCXdJcF+LmPuYCkOG/i.2","action":"Commit Response", "result":"Success", "context":Result: Success. cV=HtdlCXdJcF+LmPuYCkOG/i.0;server=akswtt11300000t;cloudType=Consumer;environment=Prod_francecentral_prod-s01-062-eur-francecentral;migrationStage=NotStarted}
{"logTime": "0325/190302", "correlationVector":"zA1NEu0xsiuvWX5Jljweq8","action":"Commit Request", "result":"", "context":Item count: 3
Contributing types: Sessions, History}
{"logTime": "0325/190303", "correlationVector":"zA1NEu0xsiuvWX5Jljweq8.1","action":"SyncServerConnectionManagerRequest", "result":"SYNC_SERVER_OK", "context":{"environment":"Prod_francecentral_prod-s01-062-eur-francecentral", "migrationStage":"NotStarted", "server":"akswtt113000005"}}
{"logTime": "0325/190303", "correlationVector":"zA1NEu0xsiuvWX5Jljweq8.2","action":"Commit Response", "result":"Success", "context":Result: Success. cV=zA1NEu0xsiuvWX5Jljweq8.0;server=akswtt113000005;cloudType=Consumer;environment=Prod_francecentral_prod-s01-062-eur-francecentral;migrationStage=NotStarted}
{"logTime": "0325/190519", "correlationVector":"04uR3uHQ3N3HIAgh6RF2NW","action":"Commit Request", "result":"", "context":Item count: 4
Contributing types: Sessions, History}
{"logTime": "0325/190520", "correlationVector":"04uR3uHQ3N3HIAgh6RF2NW.1","action":"SyncServerConnectionManagerRequest", "result":"SYNC_SERVER_OK", "context":{"environment":"Prod_francecentral_prod-s01-062-eur-francecentral", "migrationStage":"NotStarted", "server":"akswtt11300000x"}}
{"logTime": "0325/190520", "correlationVector":"04uR3uHQ3N3HIAgh6RF2NW.2","action":"Commit Response", "result":"Success", "context":Result: Success. cV=04uR3uHQ3N3HIAgh6RF2NW.0;server=akswtt11300000x;cloudType=Consumer;environment=Prod_francecentral_prod-s01-062-eur-francecentral;migrationStage=NotStarted}
{"logTime": "0325/190624", "correlationVector":"1uzSHHc1tZy6SVmNjyXA4v","action":"Commit Request", "result":"", "context":Item count: 2
Contributing types: Sessions, History}
{"logTime": "0325/190625", "correlationVector":"1uzSHHc1tZy6SVmNjyXA4v.1","action":"SyncServerConnectionManagerRequest", "result":"SYNC_SERVER_OK", "context":{"environment":"Prod_francecentral_prod-s01-062-eur-francecentral", "migrationStage":"NotStarted", "server":"akswtt113000008"}}
{"logTime": "0325/190625", "correlationVector":"1uzSHHc1tZy6SVmNjyXA4v.2","action":"Commit Response", "result":"Success", "context":Result: Success. cV=1uzSHHc1tZy6SVmNjyXA4v.0;server=akswtt113000008;cloudType=Consumer;environment=Prod_francecentral_prod-s01-062-eur-francecentral;migrationStage=NotStarted}
{"logTime": "0325/212655", "correlationVector":"FJNBdHidHrjGIVbZvMfNjG.1","action":"SyncServerConnectionManagerRequest", "result":"SYNC_SERVER_OK", "context":{"environment":"Prod_francecentral_prod-s01-062-eur-francecentral", "migrationStage":"NotStarted", "server":"akswtt11300000r"}}
{"logTime": "0325/212655", "correlationVector":"FJNBdHidHrjGIVbZvMfNjG.2","action":"ProcessGetUpdates", "result":"Done", "context":{"dataType":"Encryption Keys", "deleted":"0", "process_failed_to_decrypt":"0", "process_pending_decryption":"0", "process_success":"1", "total":"1"}}
{"logTime": "0325/212655", "correlationVector":"FJNBdHidHrjGIVbZvMfNjG","action":"Initial GetUpdates", "result":"", "context":Reason: NEW_CLIENT. cV=FJNBdHidHrjGIVbZvMfNjG}
{"logTime": "0325/212655", "correlationVector":"FJNBdHidHrjGIVbZvMfNjG.3","action":"GetUpdates Response", "result":"Success", "context":Received 1 update(s). cV=FJNBdHidHrjGIVbZvMfNjG.0;server=akswtt11300000r;cloudType=Consumer;environment=Prod_francecentral_prod-s01-062-eur-francecentral;migrationStage=NotStarted}
{"logTime": "0325/212655", "correlationVector":"Yj+RC8vxGrkUmUljSCJjhR","action":"Initial GetUpdates", "result":"", "context":Reason: NEWLY_SUPPORTED_DATATYPE. cV=Yj+RC8vxGrkUmUljSCJjhR}
{"logTime": "0325/212656", "correlationVector":"Yj+RC8vxGrkUmUljSCJjhR.1","action":"SyncServerConnectionManagerRequest", "result":"SYNC_SERVER_OK", "context":{"environment":"Prod_francecentral_prod-s01-062-eur-francecentral", "migrationStage":"NotStarted", "server":"akswtt113000009"}}
{"logTime": "0325/212656", "correlationVector":"Yj+RC8vxGrkUmUljSCJjhR.2","action":"ProcessGetUpdates", "result":"Done", "context":{"dataType":"Preferences", "deleted":"0", "process_failed_to_decrypt":"0", "process_pending_decryption":"0", "process_success":"91", "total":"91"}}
{"logTime": "0325/212656", "correlationVector":"Yj+RC8vxGrkUmUljSCJjhR.3","action":"ProcessGetUpdates", "result":"Done", "context":{"dataType":"Device Info", "deleted":"0", "process_failed_to_decrypt":"0", "process_pending_decryption":"0", "process_success":"45", "total":"45"}}
{"logTime": "0325/212656", "correlationVector":"Yj+RC8vxGrkUmUljSCJjhR.4","action":"GetUpdates Response", "result":"Success", "context":Received 136 update(s). cV=Yj+RC8vxGrkUmUljSCJjhR.0;server=akswtt113000009;cloudType=Consumer;environment=Prod_francecentral_prod-s01-062-eur-francecentral;migrationStage=NotStarted}
{"logTime": "0325/212657", "correlationVector":"21tgG6uwqpc/iF4MGG/hjp","action":"Initial GetUpdates", "result":"", "context":Reason: NEWLY_SUPPORTED_DATATYPE. cV=21tgG6uwqpc/iF4MGG/hjp}
{"logTime": "0325/212657", "correlationVector":"21tgG6uwqpc/iF4MGG/hjp.1","action":"SyncServerConnectionManagerRequest", "result":"SYNC_SERVER_OK", "context":{"environment":"Prod_francecentral_prod-s01-062-eur-francecentral", "migrationStage":"NotStarted", "server":"akswtt11300000o"}}
{"logTime": "0325/212657", "correlationVector":"21tgG6uwqpc/iF4MGG/hjp.2","action":"ProcessGetUpdates", "result":"Done", "context":{"dataType":"Bookmarks", "deleted":"1", "process_failed_to_decrypt":"0", "process_pending_decryption":"0", "process_success":"30", "total":"30"}}
{"logTime": "0325/212657", "correlationVector":"21tgG6uwqpc/iF4MGG/hjp.3","action":"GetUpdates Response", "result":"Success", "context":Received 30 update(s). cV=21tgG6uwqpc/iF4MGG/hjp.0;server=akswtt11300000o;cloudType=Consumer;environment=Prod_francecentral_prod-s01-062-eur-francecentral;migrationStage=NotStarted}
{"logTime": "0325/212657", "correlationVector":"qZ0oBt/kGKGpehrq0lcSEd","action":"Initial GetUpdates", "result":"", "context":Reason: NEWLY_SUPPORTED_DATATYPE. cV=qZ0oBt/kGKGpehrq0lcSEd}
{"logTime": "0325/212658", "correlationVector":"qZ0oBt/kGKGpehrq0lcSEd.1","action":"SyncServerConnectionManagerRequest", "result":"SYNC_SERVER_OK", "context":{"environment":"Prod_francecentral_prod-s01-062-eur-francecentral", "migrationStage":"NotStarted", "server":"akswtt11300001a"}}
{"logTime": "0325/212658", "correlationVector":"qZ0oBt/kGKGpehrq0lcSEd.2","action":"ProcessGetUpdates", "result":"Done", "context":{"dataType":"Extensions", "deleted":"0", "process_failed_to_decrypt":"0", "process_pending_decryption":"0", "process_success":"1", "total":"1"}}
{"logTime": "0325/212658", "correlationVector":"qZ0oBt/kGKGpehrq0lcSEd.3","action":"ProcessGetUpdates", "result":"Done", "context":{"dataType":"Sessions", "deleted":"176", "process_failed_to_decrypt":"0", "process_pending_decryption":"0", "process_success":"176", "total":"176"}}
{"logTime": "0325/212658", "correlationVector":"qZ0oBt/kGKGpehrq0lcSEd.4","action":"ProcessGetUpdates", "result":"Done", "context":{"dataType":"Web Apps", "deleted":"0", "process_failed_to_decrypt":"0", "process_pending_decryption":"0", "process_success":"9", "total":"9"}}
{"logTime": "0325/212658", "correlationVector":"qZ0oBt/kGKGpehrq0lcSEd.5","action":"ProcessGetUpdates", "result":"Done", "context":{"dataType":"Edge Hub App Usage", "deleted":"36", "process_failed_to_decrypt":"0", "process_pending_decryption":"0", "process_success":"64", "total":"64"}}
{"logTime": "0325/212658", "correlationVector":"qZ0oBt/kGKGpehrq0lcSEd.6","action":"GetUpdates Response", "result":"Success", "context":Received 250 update(s). cV=qZ0oBt/kGKGpehrq0lcSEd.0;server=akswtt11300001a;cloudType=Consumer;environment=Prod_francecentral_prod-s01-062-eur-francecentral;migrationStage=NotStarted Some updates remain.}
{"logTime": "0325/212658", "correlationVector":"99r+DXxvZyLgdUgKkQgMFD","action":"Initial GetUpdates", "result":"", "context":Reason: NEWLY_SUPPORTED_DATATYPE. cV=99r+DXxvZyLgdUgKkQgMFD}
{"logTime": "0325/212700", "correlationVector":"99r+DXxvZyLgdUgKkQgMFD.1","action":"SyncServerConnectionManagerRequest", "result":"SYNC_SERVER_OK", "context":{"environment":"Prod_francecentral_prod-s01-062-eur-francecentral", "migrationStage":"NotStarted", "server":"akswtt11300000r"}}
{"logTime": "0325/212700", "correlationVector":"99r+DXxvZyLgdUgKkQgMFD.2","action":"ProcessGetUpdates", "result":"Done", "context":{"dataType":"Sessions", "deleted":"193", "process_failed_to_decrypt":"0", "process_pending_decryption":"0", "process_success":"193", "total":"193"}}
{"logTime": "0325/212700", "correlationVector":"99r+DXxvZyLgdUgKkQgMFD.3","action":"ProcessGetUpdates", "result":"Done", "context":{"dataType":"Saved Tab Group", "deleted":"6", "process_failed_to_decrypt":"0", "process_pending_decryption":"0", "process_success":"6", "total":"6"}}
{"logTime": "0325/212700", "correlationVector":"99r+DXxvZyLgdUgKkQgMFD.4","action":"ProcessGetUpdates", "result":"Done", "context":{"dataType":"Edge Hub App Usage", "deleted":"16", "process_failed_to_decrypt":"0", "process_pending_decryption":"0", "process_success":"51", "total":"51"}}
{"logTime": "0325/212700", "correlationVector":"99r+DXxvZyLgdUgKkQgMFD.5","action":"GetUpdates Response", "result":"Success", "context":Received 250 update(s). cV=99r+DXxvZyLgdUgKkQgMFD.0;server=akswtt11300000r;cloudType=Consumer;environment=Prod_francecentral_prod-s01-062-eur-francecentral;migrationStage=NotStarted Some updates remain.}
{"logTime": "0325/212700", "correlationVector":"FGThMKfuperA719vOzSVQ+","action":"Initial GetUpdates", "result":"", "context":Reason: NEWLY_SUPPORTED_DATATYPE. cV=FGThMKfuperA719vOzSVQ+}
{"logTime": "0325/212701", "correlationVector":"FGThMKfuperA719vOzSVQ+.1","action":"SyncServerConnectionManagerRequest", "result":"SYNC_SERVER_OK", "context":{"environment":"Prod_francecentral_prod-s01-062-eur-francecentral", "migrationStage":"NotStarted", "server":"akswtt11300001a"}}
{"logTime": "0325/212701", "correlationVector":"FGThMKfuperA719vOzSVQ+.2","action":"ProcessGetUpdates", "result":"Done", "context":{"dataType":"Sessions", "deleted":"210", "process_failed_to_decrypt":"0", "process_pending_decryption":"0", "process_success":"210", "total":"210"}}
{"logTime": "0325/212701", "correlationVector":"FGThMKfuperA719vOzSVQ+.3","action":"ProcessGetUpdates", "result":"Done", "context":{"dataType":"Saved Tab Group", "deleted":"2", "process_failed_to_decrypt":"0", "process_pending_decryption":"0", "process_success":"2", "total":"2"}}
{"logTime": "0325/212701", "correlationVector":"FGThMKfuperA719vOzSVQ+.4","action":"ProcessGetUpdates", "result":"Done", "context":{"dataType":"Edge Hub App Usage", "deleted":"12", "process_failed_to_decrypt":"0", "process_pending_decryption":"0", "process_success":"38", "total":"38"}}
{"logTime": "0325/212701", "correlationVector":"FGThMKfuperA719vOzSVQ+.5","action":"GetUpdates Response", "result":"Success", "context":Received 250 update(s). cV=FGThMKfuperA719vOzSVQ+.0;server=akswtt11300001a;cloudType=Consumer;environment=Prod_francecentral_prod-s01-062-eur-francecentral;migrationStage=NotStarted Some updates remain.}
{"logTime": "0325/212701", "correlationVector":"CgAVwFx1iVS7JJaKo8rigI","action":"Initial GetUpdates", "result":"", "context":Reason: NEWLY_SUPPORTED_DATATYPE. cV=CgAVwFx1iVS7JJaKo8rigI}
{"logTime": "0325/212701", "correlationVector":"CgAVwFx1iVS7JJaKo8rigI.1","action":"SyncServerConnectionManagerRequest", "result":"SYNC_SERVER_OK", "context":{"environment":"Prod_francecentral_prod-s01-062-eur-francecentral", "migrationStage":"NotStarted", "server":"akswtt113000009"}}
{"logTime": "0325/212701", "correlationVector":"CgAVwFx1iVS7JJaKo8rigI.2","action":"ProcessGetUpdates", "result":"Done", "context":{"dataType":"Extensions", "deleted":"0", "process_failed_to_decrypt":"0", "process_pending_decryption":"0", "process_success":"1", "total":"1"}}
{"logTime": "0325/212701", "correlationVector":"CgAVwFx1iVS7JJaKo8rigI.3","action":"ProcessGetUpdates", "result":"Done", "context":{"dataType":"Sessions", "deleted":"197", "process_failed_to_decrypt":"0", "process_pending_decryption":"0", "process_success":"197", "total":"197"}}
{"logTime": "0325/212701", "correlationVector":"CgAVwFx1iVS7JJaKo8rigI.4","action":"ProcessGetUpdates", "result":"Done", "context":{"dataType":"Edge Hub App Usage", "deleted":"24", "process_failed_to_decrypt":"0", "process_pending_decryption":"0", "process_success":"52", "total":"52"}}
{"logTime": "0325/212701", "correlationVector":"CgAVwFx1iVS7JJaKo8rigI.5","action":"GetUpdates Response", "result":"Success", "context":Received 250 update(s). cV=CgAVwFx1iVS7JJaKo8rigI.0;server=akswtt113000009;cloudType=Consumer;environment=Prod_francecentral_prod-s01-062-eur-francecentral;migrationStage=NotStarted Some updates remain.}
{"logTime": "0325/212701", "correlationVector":"LibsUHJUvTMjJNUlJlvZFm","action":"Initial GetUpdates", "result":"", "context":Reason: NEWLY_SUPPORTED_DATATYPE. cV=LibsUHJUvTMjJNUlJlvZFm}
{"logTime": "0325/212702", "correlationVector":"LibsUHJUvTMjJNUlJlvZFm.1","action":"SyncServerConnectionManagerRequest", "result":"SYNC_SERVER_OK", "context":{"environment":"Prod_francecentral_prod-s01-062-eur-francecentral", "migrationStage":"NotStarted", "server":"akswtt11300000r"}}
{"logTime": "0325/212702", "correlationVector":"LibsUHJUvTMjJNUlJlvZFm.2","action":"ProcessGetUpdates", "result":"Done", "context":{"dataType":"Sessions", "deleted":"20", "process_failed_to_decrypt":"0", "process_pending_decryption":"0", "process_success":"31", "total":"31"}}
{"logTime": "0325/212702", "correlationVector":"LibsUHJUvTMjJNUlJlvZFm.3","action":"ProcessGetUpdates", "result":"Done", "context":{"dataType":"Edge Hub App Usage", "deleted":"23", "process_failed_to_decrypt":"0", "process_pending_decryption":"0", "process_success":"26", "total":"26"}}
{"logTime": "0325/212702", "correlationVector":"LibsUHJUvTMjJNUlJlvZFm.4","action":"GetUpdates Response", "result":"Success", "context":Received 57 update(s). cV=LibsUHJUvTMjJNUlJlvZFm.0;server=akswtt11300000r;cloudType=Consumer;environment=Prod_francecentral_prod-s01-062-eur-francecentral;migrationStage=NotStarted}
{"logTime": "0325/212702", "correlationVector":"h84BnJX3ioSB54ILuthKNE","action":"Initial GetUpdates", "result":"", "context":Reason: NEWLY_SUPPORTED_DATATYPE. cV=h84BnJX3ioSB54ILuthKNE}
{"logTime": "0325/212703", "correlationVector":"h84BnJX3ioSB54ILuthKNE.1","action":"SyncServerConnectionManagerRequest", "result":"SYNC_SERVER_OK", "context":{"environment":"Prod_francecentral_prod-s01-062-eur-francecentral", "migrationStage":"NotStarted", "server":"akswtt113000008"}}
{"logTime": "0325/212703", "correlationVector":"h84BnJX3ioSB54ILuthKNE.2","action":"ProcessGetUpdates", "result":"Done", "context":{"dataType":"History", "deleted":"0", "process_failed_to_decrypt":"0", "process_pending_decryption":"0", "process_success":"250", "total":"250"}}
{"logTime": "0325/212703", "correlationVector":"h84BnJX3ioSB54ILuthKNE.3","action":"GetUpdates Response", "result":"Success", "context":Received 250 update(s). cV=h84BnJX3ioSB54ILuthKNE.0;server=akswtt113000008;cloudType=Consumer;environment=Prod_francecentral_prod-s01-062-eur-francecentral;migrationStage=NotStarted Some updates remain.}
{"logTime": "0325/212703", "correlationVector":"dGy1HsQhUID4feEZZmyzXn","action":"Initial GetUpdates", "result":"", "context":Reason: NEWLY_SUPPORTED_DATATYPE. cV=dGy1HsQhUID4feEZZmyzXn}
{"logTime": "0325/212704", "correlationVector":"dGy1HsQhUID4feEZZmyzXn.1","action":"SyncServerConnectionManagerRequest", "result":"SYNC_SERVER_OK", "context":{"environment":"Prod_francecentral_prod-s01-062-eur-francecentral", "migrationStage":"NotStarted", "server":"akswtt11300000r"}}
{"logTime": "0325/212704", "correlationVector":"dGy1HsQhUID4feEZZmyzXn.2","action":"ProcessGetUpdates", "result":"Done", "context":{"dataType":"History", "deleted":"0", "process_failed_to_decrypt":"0", "process_pending_decryption":"0", "process_success":"250", "total":"250"}}
{"logTime": "0325/212704", "correlationVector":"dGy1HsQhUID4feEZZmyzXn.3","action":"GetUpdates Response", "result":"Success", "context":Received 250 update(s). cV=dGy1HsQhUID4feEZZmyzXn.0;server=akswtt11300000r;cloudType=Consumer;environment=Prod_francecentral_prod-s01-062-eur-francecentral;migrationStage=NotStarted Some updates remain.}
{"logTime": "0325/212704", "correlationVector":"mVwXE4DTL9DK3eYAeco3B3","action":"Initial GetUpdates", "result":"", "context":Reason: NEWLY_SUPPORTED_DATATYPE. cV=mVwXE4DTL9DK3eYAeco3B3}
{"logTime": "0325/212705", "correlationVector":"mVwXE4DTL9DK3eYAeco3B3.1","action":"SyncServerConnectionManagerRequest", "result":"SYNC_SERVER_OK", "context":{"environment":"Prod_francecentral_prod-s01-062-eur-francecentral", "migrationStage":"NotStarted", "server":"akswtt113000009"}}
{"logTime": "0325/212705", "correlationVector":"mVwXE4DTL9DK3eYAeco3B3.2","action":"ProcessGetUpdates", "result":"Done", "context":{"dataType":"History", "deleted":"0", "process_failed_to_decrypt":"0", "process_pending_decryption":"0", "process_success":"250", "total":"250"}}
{"logTime": "0325/212705", "correlationVector":"mVwXE4DTL9DK3eYAeco3B3.3","action":"GetUpdates Response", "result":"Success", "context":Received 250 update(s). cV=mVwXE4DTL9DK3eYAeco3B3.0;server=akswtt113000009;cloudType=Consumer;environment=Prod_francecentral_prod-s01-062-eur-francecentral;migrationStage=NotStarted Some updates remain.}
{"logTime": "0325/212705", "correlationVector":"I9Mv/yQ0PdDo3ljgcytbdp","action":"Initial GetUpdates", "result":"", "context":Reason: NEWLY_SUPPORTED_DATATYPE. cV=I9Mv/yQ0PdDo3ljgcytbdp}
{"logTime": "0325/212706", "correlationVector":"I9Mv/yQ0PdDo3ljgcytbdp.1","action":"SyncServerConnectionManagerRequest", "result":"SYNC_SERVER_OK", "context":{"environment":"Prod_francecentral_prod-s01-062-eur-francecentral", "migrationStage":"NotStarted", "server":"akswtt113000009"}}
{"logTime": "0325/212706", "correlationVector":"I9Mv/yQ0PdDo3ljgcytbdp.2","action":"ProcessGetUpdates", "result":"Done", "context":{"dataType":"History", "deleted":"0", "process_failed_to_decrypt":"0", "process_pending_decryption":"0", "process_success":"250", "total":"250"}}
{"logTime": "0325/212706", "correlationVector":"I9Mv/yQ0PdDo3ljgcytbdp.3","action":"GetUpdates Response", "result":"Success", "context":Received 250 update(s). cV=I9Mv/yQ0PdDo3ljgcytbdp.0;server=akswtt113000009;cloudType=Consumer;environment=Prod_francecentral_prod-s01-062-eur-francecentral;migrationStage=NotStarted Some updates remain.}
{"logTime": "0325/212706", "correlationVector":"IcI4WfHA+gWIEpbOOXyauD","action":"Initial GetUpdates", "result":"", "context":Reason: NEWLY_SUPPORTED_DATATYPE. cV=IcI4WfHA+gWIEpbOOXyauD}
{"logTime": "0325/212706", "correlationVector":"IcI4WfHA+gWIEpbOOXyauD.1","action":"SyncServerConnectionManagerRequest", "result":"SYNC_SERVER_OK", "context":{"environment":"Prod_francecentral_prod-s01-062-eur-francecentral", "migrationStage":"NotStarted", "server":"akswtt113000008"}}
{"logTime": "0325/212706", "correlationVector":"IcI4WfHA+gWIEpbOOXyauD.2","action":"ProcessGetUpdates", "result":"Done", "context":{"dataType":"History", "deleted":"0", "process_failed_to_decrypt":"0", "process_pending_decryption":"0", "process_success":"250", "total":"250"}}
{"logTime": "0325/212706", "correlationVector":"IcI4WfHA+gWIEpbOOXyauD.3","action":"GetUpdates Response", "result":"Success", "context":Received 250 update(s). cV=IcI4WfHA+gWIEpbOOXyauD.0;server=akswtt113000008;cloudType=Consumer;environment=Prod_francecentral_prod-s01-062-eur-francecentral;migrationStage=NotStarted Some updates remain.}
{"logTime": "0325/212706", "correlationVector":"XROSuWqYJwd6HTBNUeKOln","action":"Initial GetUpdates", "result":"", "context":Reason: NEWLY_SUPPORTED_DATATYPE. cV=XROSuWqYJwd6HTBNUeKOln}
{"logTime": "0325/212707", "correlationVector":"XROSuWqYJwd6HTBNUeKOln.1","action":"SyncServerConnectionManagerRequest", "result":"SYNC_SERVER_OK", "context":{"environment":"Prod_francecentral_prod-s01-062-eur-francecentral", "migrationStage":"NotStarted", "server":"akswtt11300000g"}}
{"logTime": "0325/212707", "correlationVector":"XROSuWqYJwd6HTBNUeKOln.2","action":"ProcessGetUpdates", "result":"Done", "context":{"dataType":"History", "deleted":"0", "process_failed_to_decrypt":"0", "process_pending_decryption":"0", "process_success":"250", "total":"250"}}
{"logTime": "0325/212707", "correlationVector":"XROSuWqYJwd6HTBNUeKOln.3","action":"GetUpdates Response", "result":"Success", "context":Received 250 update(s). cV=XROSuWqYJwd6HTBNUeKOln.0;server=akswtt11300000g;cloudType=Consumer;environment=Prod_francecentral_prod-s01-062-eur-francecentral;migrationStage=NotStarted Some updates remain.}
{"logTime": "0325/212707", "correlationVector":"wbrlDQTFowTnd2rphb2z6H","action":"Initial GetUpdates", "result":"", "context":Reason: NEWLY_SUPPORTED_DATATYPE. cV=wbrlDQTFowTnd2rphb2z6H}
{"logTime": "0325/212708", "correlationVector":"wbrlDQTFowTnd2rphb2z6H.1","action":"SyncServerConnectionManagerRequest", "result":"SYNC_SERVER_OK", "context":{"environment":"Prod_francecentral_prod-s01-062-eur-francecentral", "migrationStage":"NotStarted", "server":"akswtt11300000r"}}
{"logTime": "0325/212708", "correlationVector":"wbrlDQTFowTnd2rphb2z6H.2","action":"ProcessGetUpdates", "result":"Done", "context":{"dataType":"History", "deleted":"0", "process_failed_to_decrypt":"0", "process_pending_decryption":"0", "process_success":"250", "total":"250"}}
{"logTime": "0325/212708", "correlationVector":"wbrlDQTFowTnd2rphb2z6H.3","action":"GetUpdates Response", "result":"Success", "context":Received 250 update(s). cV=wbrlDQTFowTnd2rphb2z6H.0;server=akswtt11300000r;cloudType=Consumer;environment=Prod_francecentral_prod-s01-062-eur-francecentral;migrationStage=NotStarted Some updates remain.}
{"logTime": "0325/212708", "correlationVector":"ol8x1zUUU6VImxSeNKd6+Q","action":"Initial GetUpdates", "result":"", "context":Reason: NEWLY_SUPPORTED_DATATYPE. cV=ol8x1zUUU6VImxSeNKd6+Q}
{"logTime": "0325/212708", "correlationVector":"ol8x1zUUU6VImxSeNKd6+Q.1","action":"SyncServerConnectionManagerRequest", "result":"SYNC_SERVER_OK", "context":{"environment":"Prod_francecentral_prod-s01-062-eur-francecentral", "migrationStage":"NotStarted", "server":"akswtt11300000h"}}
{"logTime": "0325/212708", "correlationVector":"ol8x1zUUU6VImxSeNKd6+Q.2","action":"ProcessGetUpdates", "result":"Done", "context":{"dataType":"History", "deleted":"0", "process_failed_to_decrypt":"0", "process_pending_decryption":"0", "process_success":"13", "total":"13"}}
{"logTime": "0325/212708", "correlationVector":"ol8x1zUUU6VImxSeNKd6+Q.3","action":"GetUpdates Response", "result":"Success", "context":Received 13 update(s). cV=ol8x1zUUU6VImxSeNKd6+Q.0;server=akswtt11300000h;cloudType=Consumer;environment=Prod_francecentral_prod-s01-062-eur-francecentral;migrationStage=NotStarted}
{"logTime": "0325/212709", "correlationVector":"JwwAeNqAMy3ZuHmZZprx7I","action":"Normal GetUpdate request", "result":"", "context":cV=JwwAeNqAMy3ZuHmZZprx7I
Nudged types: Preferences, Sessions, Device Info
Refresh requested types: Bookmarks, Preferences, Extensions, Sessions, Extension settings, History Delete Directives, Device Info, User Consents, Send Tab To Self, Web Apps, History, Saved Tab Group, WebAuthn Credentials, Collection, Edge E Drop, Edge Hub App Usage, Edge Wallet, Edge Workspace, Encryption Keys}
{"logTime": "0325/212709", "correlationVector":"JwwAeNqAMy3ZuHmZZprx7I.1","action":"SyncServerConnectionManagerRequest", "result":"SYNC_SERVER_OK", "context":{"environment":"Prod_francecentral_prod-s01-062-eur-francecentral", "migrationStage":"NotStarted", "server":"akswtt113000004"}}
{"logTime": "0325/212709", "correlationVector":"JwwAeNqAMy3ZuHmZZprx7I.2","action":"GetUpdates Response", "result":"Success", "context":Received 0 update(s). cV=JwwAeNqAMy3ZuHmZZprx7I.0;server=akswtt113000004;cloudType=Consumer;environment=Prod_francecentral_prod-s01-062-eur-francecentral;migrationStage=NotStarted}
{"logTime": "0325/212710", "correlationVector":"karC13XtlVeHdT0a3vjcqy","action":"Commit Request", "result":"", "context":Item count: 4
Contributing types: Preferences, Sessions, Device Info}
{"logTime": "0325/212710", "correlationVector":"karC13XtlVeHdT0a3vjcqy.1","action":"SyncServerConnectionManagerRequest", "result":"SYNC_SERVER_OK", "context":{"environment":"Prod_francecentral_prod-s01-062-eur-francecentral", "migrationStage":"NotStarted", "server":"akswtt113000004"}}
{"logTime": "0325/212710", "correlationVector":"karC13XtlVeHdT0a3vjcqy.2","action":"Commit Response", "result":"Success", "context":Result: Success. cV=karC13XtlVeHdT0a3vjcqy.0;server=akswtt113000004;cloudType=Consumer;environment=Prod_francecentral_prod-s01-062-eur-francecentral;migrationStage=NotStarted}
{"logTime": "0325/212848", "correlationVector":"1en9LohgpOx5e0MzF5LcGk","action":"Commit Request", "result":"", "context":Item count: 4
Contributing types: Sessions, History}
{"logTime": "0325/212849", "correlationVector":"1en9LohgpOx5e0MzF5LcGk.1","action":"SyncServerConnectionManagerRequest", "result":"SYNC_SERVER_OK", "context":{"environment":"Prod_francecentral_prod-s01-062-eur-francecentral", "migrationStage":"NotStarted", "server":"akswtt11300000h"}}
{"logTime": "0325/212849", "correlationVector":"1en9LohgpOx5e0MzF5LcGk.2","action":"Commit Response", "result":"Success", "context":Result: Success. cV=1en9LohgpOx5e0MzF5LcGk.0;server=akswtt11300000h;cloudType=Consumer;environment=Prod_francecentral_prod-s01-062-eur-francecentral;migrationStage=NotStarted}
{"logTime": "0325/213031", "correlationVector":"F5caWZ6gBad6MN0sJIyDcX","action":"Commit Request", "result":"", "context":Item count: 8
Contributing types: Sessions, History}
{"logTime": "0325/213032", "correlationVector":"F5caWZ6gBad6MN0sJIyDcX.1","action":"SyncServerConnectionManagerRequest", "result":"SYNC_SERVER_OK", "context":{"environment":"Prod_francecentral_prod-s01-062-eur-francecentral", "migrationStage":"NotStarted", "server":"akswtt11300000r"}}
{"logTime": "0325/213032", "correlationVector":"F5caWZ6gBad6MN0sJIyDcX.2","action":"Commit Response", "result":"Success", "context":Result: Success. cV=F5caWZ6gBad6MN0sJIyDcX.0;server=akswtt11300000r;cloudType=Consumer;environment=Prod_francecentral_prod-s01-062-eur-francecentral;migrationStage=NotStarted}
{"logTime": "0325/215921", "correlationVector":"bjpL83pqh6PPtt4Lg+Dqn2","action":"Commit Request", "result":"", "context":Item count: 1
Contributing types: Sessions}
{"logTime": "0325/215921", "correlationVector":"bjpL83pqh6PPtt4Lg+Dqn2.1","action":"SyncServerConnectionManagerRequest", "result":"SYNC_SERVER_OK", "context":{"environment":"Prod_francecentral_prod-s01-062-eur-francecentral", "migrationStage":"NotStarted", "server":"akswtt113000001"}}
{"logTime": "0325/215921", "correlationVector":"bjpL83pqh6PPtt4Lg+Dqn2.2","action":"Commit Response", "result":"Success", "context":Result: Success. cV=bjpL83pqh6PPtt4Lg+Dqn2.0;server=akswtt113000001;cloudType=Consumer;environment=Prod_francecentral_prod-s01-062-eur-francecentral;migrationStage=NotStarted}
